# JRE version: OpenJDK Runtime Environment (8.0_212-b04) (build 1.8.0_212-release-1586-b04)
# Java VM: OpenJDK 64-Bit Server VM (25.212-b04 mixed mode windows-amd64 compressed oops)
Heap:
 PSYoungGen      total 19968K, used 11977K [0x00000000e0000000, 0x00000000e1880000, 0x0000000100000000)
  eden space 14848K, 72% used [0x00000000e0000000,0x00000000e0a7a4b0,0x00000000e0e80000)
  from space 5120K, 24% used [0x00000000e0e80000,0x00000000e0fb8000,0x00000000e1380000)
  to   space 5120K, 0% used [0x00000000e1380000,0x00000000e1380000,0x00000000e1880000)
 ParOldGen       total 26112K, used 14058K [0x00000000a0000000, 0x00000000a1980000, 0x00000000e0000000)
  object space 26112K, 53% used [0x00000000a0000000,0x00000000a0dba9e0,0x00000000a1980000)
 Metaspace       used 34628K, capacity 35420K, committed 35496K, reserved 1079296K
  class space    used 4758K, capacity 4995K, committed 5032K, reserved 1048576K
GC Heap History (10 events):
Event: 114.637 GC heap before
{Heap before GC invocations=22 (full 1):
 PSYoungGen      total 20480K, used 15912K [0x00000000e0000000, 0x00000000e1980000, 0x0000000100000000)
  eden space 14848K, 100% used [0x00000000e0000000,0x00000000e0e80000,0x00000000e0e80000)
  from space 5632K, 18% used [0x00000000e1400000,0x00000000e150a160,0x00000000e1980000)
  to   space 5632K, 0% used [0x00000000e0e80000,0x00000000e0e80000,0x00000000e1400000)
 ParOldGen       total 26112K, used 12327K [0x00000000a0000000, 0x00000000a1980000, 0x00000000e0000000)
  object space 26112K, 47% used [0x00000000a0000000,0x00000000a0c09df0,0x00000000a1980000)
 Metaspace       used 31630K, capacity 32156K, committed 32512K, reserved 1077248K
  class space    used 4330K, capacity 4527K, committed 4608K, reserved 1048576K
Event: 114.640 GC heap after
Heap after GC invocations=22 (full 1):
 PSYoungGen      total 20480K, used 1252K [0x00000000e0000000, 0x00000000e1980000, 0x0000000100000000)
  eden space 14848K, 0% used [0x00000000e0000000,0x00000000e0000000,0x00000000e0e80000)
  from space 5632K, 22% used [0x00000000e0e80000,0x00000000e0fb9160,0x00000000e1400000)
  to   space 5632K, 0% used [0x00000000e1400000,0x00000000e1400000,0x00000000e1980000)
 ParOldGen       total 26112K, used 12566K [0x00000000a0000000, 0x00000000a1980000, 0x00000000e0000000)
  object space 26112K, 48% used [0x00000000a0000000,0x00000000a0c45b10,0x00000000a1980000)
 Metaspace       used 31630K, capacity 32156K, committed 32512K, reserved 1077248K
  class space    used 4330K, capacity 4527K, committed 4608K, reserved 1048576K
}
Event: 116.250 GC heap before
{Heap before GC invocations=23 (full 1):
 PSYoungGen      total 20480K, used 16100K [0x00000000e0000000, 0x00000000e1980000, 0x0000000100000000)
  eden space 14848K, 100% used [0x00000000e0000000,0x00000000e0e80000,0x00000000e0e80000)
  from space 5632K, 22% used [0x00000000e0e80000,0x00000000e0fb9160,0x00000000e1400000)
  to   space 5632K, 0% used [0x00000000e1400000,0x00000000e1400000,0x00000000e1980000)
 ParOldGen       total 26112K, used 12566K [0x00000000a0000000, 0x00000000a1980000, 0x00000000e0000000)
  object space 26112K, 48% used [0x00000000a0000000,0x00000000a0c45b10,0x00000000a1980000)
 Metaspace       used 32264K, capacity 32860K, committed 33152K, reserved 1077248K
  class space    used 4429K, capacity 4655K, committed 4736K, reserved 1048576K
Event: 116.257 GC heap after
Heap after GC invocations=23 (full 1):
 PSYoungGen      total 20480K, used 1120K [0x00000000e0000000, 0x00000000e1980000, 0x0000000100000000)
  eden space 14848K, 0% used [0x00000000e0000000,0x00000000e0000000,0x00000000e0e80000)
  from space 5632K, 19% used [0x00000000e1400000,0x00000000e1518000,0x00000000e1980000)
  to   space 5632K, 0% used [0x00000000e0e80000,0x00000000e0e80000,0x00000000e1400000)
 ParOldGen       total 26112K, used 12902K [0x00000000a0000000, 0x00000000a1980000, 0x00000000e0000000)
  object space 26112K, 49% used [0x00000000a0000000,0x00000000a0c999b0,0x00000000a1980000)
 Metaspace       used 32264K, capacity 32860K, committed 33152K, reserved 1077248K
  class space    used 4429K, capacity 4655K, committed 4736K, reserved 1048576K
}
Event: 117.868 GC heap before
{Heap before GC invocations=24 (full 1):
 PSYoungGen      total 20480K, used 15968K [0x00000000e0000000, 0x00000000e1980000, 0x0000000100000000)
  eden space 14848K, 100% used [0x00000000e0000000,0x00000000e0e80000,0x00000000e0e80000)
  from space 5632K, 19% used [0x00000000e1400000,0x00000000e1518000,0x00000000e1980000)
  to   space 5632K, 0% used [0x00000000e0e80000,0x00000000e0e80000,0x00000000e1400000)
 ParOldGen       total 26112K, used 12902K [0x00000000a0000000, 0x00000000a1980000, 0x00000000e0000000)
  object space 26112K, 49% used [0x00000000a0000000,0x00000000a0c999b0,0x00000000a1980000)
 Metaspace       used 32930K, capacity 33560K, committed 33792K, reserved 1079296K
  class space    used 4524K, capacity 4739K, committed 4864K, reserved 1048576K
Event: 117.876 GC heap after
Heap after GC invocations=24 (full 1):
 PSYoungGen      total 15872K, used 1018K [0x00000000e0000000, 0x00000000e1880000, 0x0000000100000000)
  eden space 14848K, 0% used [0x00000000e0000000,0x00000000e0000000,0x00000000e0e80000)
  from space 1024K, 99% used [0x00000000e0e80000,0x00000000e0f7e8d8,0x00000000e0f80000)
  to   space 5120K, 0% used [0x00000000e1380000,0x00000000e1380000,0x00000000e1880000)
 ParOldGen       total 26112K, used 13306K [0x00000000a0000000, 0x00000000a1980000, 0x00000000e0000000)
  object space 26112K, 50% used [0x00000000a0000000,0x00000000a0cfe9c0,0x00000000a1980000)
 Metaspace       used 32930K, capacity 33560K, committed 33792K, reserved 1079296K
  class space    used 4524K, capacity 4739K, committed 4864K, reserved 1048576K
}
Event: 122.955 GC heap before
{Heap before GC invocations=25 (full 1):
 PSYoungGen      total 15872K, used 15866K [0x00000000e0000000, 0x00000000e1880000, 0x0000000100000000)
  eden space 14848K, 100% used [0x00000000e0000000,0x00000000e0e80000,0x00000000e0e80000)
  from space 1024K, 99% used [0x00000000e0e80000,0x00000000e0f7e8d8,0x00000000e0f80000)
  to   space 5120K, 0% used [0x00000000e1380000,0x00000000e1380000,0x00000000e1880000)
 ParOldGen       total 26112K, used 13306K [0x00000000a0000000, 0x00000000a1980000, 0x00000000e0000000)
  object space 26112K, 50% used [0x00000000a0000000,0x00000000a0cfe9c0,0x00000000a1980000)
 Metaspace       used 33621K, capacity 34270K, committed 34560K, reserved 1079296K
  class space    used 4613K, capacity 4814K, committed 4864K, reserved 1048576K
Event: 122.965 GC heap after
Heap after GC invocations=25 (full 1):
 PSYoungGen      total 19968K, used 1363K [0x00000000e0000000, 0x00000000e1880000, 0x0000000100000000)
  eden space 14848K, 0% used [0x00000000e0000000,0x00000000e0000000,0x00000000e0e80000)
  from space 5120K, 26% used [0x00000000e1380000,0x00000000e14d4e68,0x00000000e1880000)
  to   space 5120K, 0% used [0x00000000e0e80000,0x00000000e0e80000,0x00000000e1380000)
 ParOldGen       total 26112K, used 13450K [0x00000000a0000000, 0x00000000a1980000, 0x00000000e0000000)
  object space 26112K, 51% used [0x00000000a0000000,0x00000000a0d229c0,0x00000000a1980000)
 Metaspace       used 33621K, capacity 34270K, committed 34560K, reserved 1079296K
  class space    used 4613K, capacity 4814K, committed 4864K, reserved 1048576K
}
Event: 126.617 GC heap before
{Heap before GC invocations=26 (full 1):
 PSYoungGen      total 19968K, used 16211K [0x00000000e0000000, 0x00000000e1880000, 0x0000000100000000)
  eden space 14848K, 100% used [0x00000000e0000000,0x00000000e0e80000,0x00000000e0e80000)
  from space 5120K, 26% used [0x00000000e1380000,0x00000000e14d4e68,0x00000000e1880000)
  to   space 5120K, 0% used [0x00000000e0e80000,0x00000000e0e80000,0x00000000e1380000)
 ParOldGen       total 26112K, used 13450K [0x00000000a0000000, 0x00000000a1980000, 0x00000000e0000000)
  object space 26112K, 51% used [0x00000000a0000000,0x00000000a0d229c0,0x00000000a1980000)
 Metaspace       used 34361K, capacity 35184K, committed 35456K, reserved 1079296K
  class space    used 4721K, capacity 4959K, committed 4992K, reserved 1048576K
Event: 126.621 GC heap after
Heap after GC invocations=26 (full 1):
 PSYoungGen      total 19968K, used 1248K [0x00000000e0000000, 0x00000000e1880000, 0x0000000100000000)
  eden space 14848K, 0% used [0x00000000e0000000,0x00000000e0000000,0x00000000e0e80000)
  from space 5120K, 24% used [0x00000000e0e80000,0x00000000e0fb8000,0x00000000e1380000)
  to   space 5120K, 0% used [0x00000000e1380000,0x00000000e1380000,0x00000000e1880000)
 ParOldGen       total 26112K, used 14058K [0x00000000a0000000, 0x00000000a1980000, 0x00000000e0000000)
  object space 26112K, 53% used [0x00000000a0000000,0x00000000a0dba9e0,0x00000000a1980000)
 Metaspace       used 34361K, capacity 35184K, committed 35456K, reserved 1079296K
  class space    used 4721K, capacity 4959K, committed 4992K, reserved 1048576K
}

