# JRE version: OpenJDK Runtime Environment (8.0_212-b04) (build 1.8.0_212-release-1586-b04)
# Java VM: OpenJDK 64-Bit Server VM (25.212-b04 mixed mode windows-amd64 compressed oops)
Heap:
 PSYoungGen      total 106496K, used 50337K [0x00000000e0000000, 0x00000000ea080000, 0x0000000100000000)
  eden space 79360K, 29% used [0x00000000e0000000,0x00000000e16aa008,0x00000000e4d80000)
  from space 27136K, 99% used [0x00000000e7200000,0x00000000e8c7e480,0x00000000e8c80000)
  to   space 37376K, 0% used [0x00000000e4d80000,0x00000000e4d80000,0x00000000e7200000)
 ParOldGen       total 85504K, used 68447K [0x00000000a0000000, 0x00000000a5380000, 0x00000000e0000000)
  object space 85504K, 80% used [0x00000000a0000000,0x00000000a42d7f50,0x00000000a5380000)
 Metaspace       used 89213K, capacity 94358K, committed 94592K, reserved 1132544K
  class space    used 12169K, capacity 13086K, committed 13184K, reserved 1048576K
GC Heap History (10 events):
Event: 78.450 GC heap before
{Heap before GC invocations=35 (full 3):
 PSYoungGen      total 97792K, used 97789K [0x00000000e0000000, 0x00000000e7d00000, 0x0000000100000000)
  eden space 79872K, 100% used [0x00000000e0000000,0x00000000e4e00000,0x00000000e4e00000)
  from space 17920K, 99% used [0x00000000e4e00000,0x00000000e5f7f618,0x00000000e5f80000)
  to   space 21504K, 0% used [0x00000000e6800000,0x00000000e6800000,0x00000000e7d00000)
 ParOldGen       total 85504K, used 44989K [0x00000000a0000000, 0x00000000a5380000, 0x00000000e0000000)
  object space 85504K, 52% used [0x00000000a0000000,0x00000000a2bef690,0x00000000a5380000)
 Metaspace       used 78703K, capacity 81538K, committed 81792K, reserved 1120256K
  class space    used 10536K, capacity 11098K, committed 11136K, reserved 1048576K
Event: 78.493 GC heap after
Heap after GC invocations=35 (full 3):
 PSYoungGen      total 104960K, used 16077K [0x00000000e0000000, 0x00000000e8000000, 0x0000000100000000)
  eden space 83456K, 0% used [0x00000000e0000000,0x00000000e0000000,0x00000000e5180000)
  from space 21504K, 74% used [0x00000000e6800000,0x00000000e77b35e8,0x00000000e7d00000)
  to   space 23040K, 0% used [0x00000000e5180000,0x00000000e5180000,0x00000000e6800000)
 ParOldGen       total 85504K, used 52602K [0x00000000a0000000, 0x00000000a5380000, 0x00000000e0000000)
  object space 85504K, 61% used [0x00000000a0000000,0x00000000a335eba8,0x00000000a5380000)
 Metaspace       used 78703K, capacity 81538K, committed 81792K, reserved 1120256K
  class space    used 10536K, capacity 11098K, committed 11136K, reserved 1048576K
}
Event: 86.841 GC heap before
{Heap before GC invocations=36 (full 3):
 PSYoungGen      total 104960K, used 99533K [0x00000000e0000000, 0x00000000e8000000, 0x0000000100000000)
  eden space 83456K, 100% used [0x00000000e0000000,0x00000000e5180000,0x00000000e5180000)
  from space 21504K, 74% used [0x00000000e6800000,0x00000000e77b35e8,0x00000000e7d00000)
  to   space 23040K, 0% used [0x00000000e5180000,0x00000000e5180000,0x00000000e6800000)
 ParOldGen       total 85504K, used 52602K [0x00000000a0000000, 0x00000000a5380000, 0x00000000e0000000)
  object space 85504K, 61% used [0x00000000a0000000,0x00000000a335eba8,0x00000000a5380000)
 Metaspace       used 86218K, capacity 90332K, committed 90368K, reserved 1126400K
  class space    used 11710K, capacity 12513K, committed 12544K, reserved 1048576K
Event: 86.864 GC heap after
Heap after GC invocations=36 (full 3):
 PSYoungGen      total 106496K, used 21666K [0x00000000e0000000, 0x00000000e8880000, 0x0000000100000000)
  eden space 83456K, 0% used [0x00000000e0000000,0x00000000e0000000,0x00000000e5180000)
  from space 23040K, 94% used [0x00000000e5180000,0x00000000e66a8978,0x00000000e6800000)
  to   space 26112K, 0% used [0x00000000e6f00000,0x00000000e6f00000,0x00000000e8880000)
 ParOldGen       total 85504K, used 52610K [0x00000000a0000000, 0x00000000a5380000, 0x00000000e0000000)
  object space 85504K, 61% used [0x00000000a0000000,0x00000000a3360ba8,0x00000000a5380000)
 Metaspace       used 86218K, capacity 90332K, committed 90368K, reserved 1126400K
  class space    used 11710K, capacity 12513K, committed 12544K, reserved 1048576K
}
Event: 88.128 GC heap before
{Heap before GC invocations=37 (full 3):
 PSYoungGen      total 106496K, used 105122K [0x00000000e0000000, 0x00000000e8880000, 0x0000000100000000)
  eden space 83456K, 100% used [0x00000000e0000000,0x00000000e5180000,0x00000000e5180000)
  from space 23040K, 94% used [0x00000000e5180000,0x00000000e66a8978,0x00000000e6800000)
  to   space 26112K, 0% used [0x00000000e6f00000,0x00000000e6f00000,0x00000000e8880000)
 ParOldGen       total 85504K, used 52610K [0x00000000a0000000, 0x00000000a5380000, 0x00000000e0000000)
  object space 85504K, 61% used [0x00000000a0000000,0x00000000a3360ba8,0x00000000a5380000)
 Metaspace       used 87676K, capacity 92566K, committed 92800K, reserved 1128448K
  class space    used 11948K, capacity 12840K, committed 12928K, reserved 1048576K
Event: 88.164 GC heap after
Heap after GC invocations=37 (full 3):
 PSYoungGen      total 109568K, used 18195K [0x00000000e0000000, 0x00000000e8880000, 0x0000000100000000)
  eden space 83456K, 0% used [0x00000000e0000000,0x00000000e0000000,0x00000000e5180000)
  from space 26112K, 69% used [0x00000000e6f00000,0x00000000e80c4f88,0x00000000e8880000)
  to   space 23040K, 0% used [0x00000000e5180000,0x00000000e5180000,0x00000000e6800000)
 ParOldGen       total 85504K, used 52618K [0x00000000a0000000, 0x00000000a5380000, 0x00000000e0000000)
  object space 85504K, 61% used [0x00000000a0000000,0x00000000a3362ba8,0x00000000a5380000)
 Metaspace       used 87676K, capacity 92566K, committed 92800K, reserved 1128448K
  class space    used 11948K, capacity 12840K, committed 12928K, reserved 1048576K
}
Event: 94.646 GC heap before
{Heap before GC invocations=38 (full 3):
 PSYoungGen      total 109568K, used 101586K [0x00000000e0000000, 0x00000000e8880000, 0x0000000100000000)
  eden space 83456K, 99% used [0x00000000e0000000,0x00000000e516fa58,0x00000000e5180000)
  from space 26112K, 69% used [0x00000000e6f00000,0x00000000e80c4f88,0x00000000e8880000)
  to   space 23040K, 0% used [0x00000000e5180000,0x00000000e5180000,0x00000000e6800000)
 ParOldGen       total 85504K, used 52618K [0x00000000a0000000, 0x00000000a5380000, 0x00000000e0000000)
  object space 85504K, 61% used [0x00000000a0000000,0x00000000a3362ba8,0x00000000a5380000)
 Metaspace       used 87962K, capacity 92916K, committed 93056K, reserved 1130496K
  class space    used 11974K, capacity 12859K, committed 12928K, reserved 1048576K
Event: 94.657 GC heap after
Heap after GC invocations=38 (full 3):
 PSYoungGen      total 106496K, used 15202K [0x00000000e0000000, 0x00000000e8c80000, 0x0000000100000000)
  eden space 83456K, 0% used [0x00000000e0000000,0x00000000e0000000,0x00000000e5180000)
  from space 23040K, 65% used [0x00000000e5180000,0x00000000e6058a08,0x00000000e6800000)
  to   space 27136K, 0% used [0x00000000e7200000,0x00000000e7200000,0x00000000e8c80000)
 ParOldGen       total 85504K, used 52626K [0x00000000a0000000, 0x00000000a5380000, 0x00000000e0000000)
  object space 85504K, 61% used [0x00000000a0000000,0x00000000a3364ba8,0x00000000a5380000)
 Metaspace       used 87962K, capacity 92916K, committed 93056K, reserved 1130496K
  class space    used 11974K, capacity 12859K, committed 12928K, reserved 1048576K
}
Event: 101.132 GC heap before
{Heap before GC invocations=39 (full 3):
 PSYoungGen      total 106496K, used 98658K [0x00000000e0000000, 0x00000000e8c80000, 0x0000000100000000)
  eden space 83456K, 100% used [0x00000000e0000000,0x00000000e5180000,0x00000000e5180000)
  from space 23040K, 65% used [0x00000000e5180000,0x00000000e6058a08,0x00000000e6800000)
  to   space 27136K, 0% used [0x00000000e7200000,0x00000000e7200000,0x00000000e8c80000)
 ParOldGen       total 85504K, used 52626K [0x00000000a0000000, 0x00000000a5380000, 0x00000000e0000000)
  object space 85504K, 61% used [0x00000000a0000000,0x00000000a3364ba8,0x00000000a5380000)
 Metaspace       used 89116K, capacity 94222K, committed 94336K, reserved 1130496K
  class space    used 12168K, capacity 13086K, committed 13184K, reserved 1048576K
Event: 101.178 GC heap after
Heap after GC invocations=39 (full 3):
 PSYoungGen      total 106496K, used 27129K [0x00000000e0000000, 0x00000000ea080000, 0x0000000100000000)
  eden space 79360K, 0% used [0x00000000e0000000,0x00000000e0000000,0x00000000e4d80000)
  from space 27136K, 99% used [0x00000000e7200000,0x00000000e8c7e480,0x00000000e8c80000)
  to   space 37376K, 0% used [0x00000000e4d80000,0x00000000e4d80000,0x00000000e7200000)
 ParOldGen       total 85504K, used 68447K [0x00000000a0000000, 0x00000000a5380000, 0x00000000e0000000)
  object space 85504K, 80% used [0x00000000a0000000,0x00000000a42d7f50,0x00000000a5380000)
 Metaspace       used 89116K, capacity 94222K, committed 94336K, reserved 1130496K
  class space    used 12168K, capacity 13086K, committed 13184K, reserved 1048576K
}

