# JRE version: OpenJDK Runtime Environment (8.0_212-b04) (build 1.8.0_212-release-1586-b04)
# Java VM: OpenJDK 64-Bit Server VM (25.212-b04 mixed mode windows-amd64 compressed oops)
Heap:
 PSYoungGen      total 102400K, used 47168K [0x00000000e0000000, 0x00000000e9900000, 0x0000000100000000)
  eden space 48128K, 89% used [0x00000000e0000000,0x00000000e29ef3d0,0x00000000e2f00000)
  from space 54272K, 7% used [0x00000000e2f00000,0x00000000e3320e20,0x00000000e6400000)
  to   space 53760K, 0% used [0x00000000e6480000,0x00000000e6480000,0x00000000e9900000)
 ParOldGen       total 118272K, used 67615K [0x00000000a0000000, 0x00000000a7380000, 0x00000000e0000000)
  object space 118272K, 57% used [0x00000000a0000000,0x00000000a4207c18,0x00000000a7380000)
 Metaspace       used 98122K, capacity 103298K, committed 103424K, reserved 1138688K
  class space    used 13070K, capacity 14036K, committed 14080K, reserved 1048576K
GC Heap History (10 events):
Event: 530.648 GC heap before
{Heap before GC invocations=51 (full 3):
 PSYoungGen      total 89600K, used 84676K [0x00000000e0000000, 0x00000000e8780000, 0x0000000100000000)
  eden space 49664K, 99% used [0x00000000e0000000,0x00000000e307d838,0x00000000e3080000)
  from space 39936K, 87% used [0x00000000e3200000,0x00000000e5433af0,0x00000000e5900000)
  to   space 44544K, 0% used [0x00000000e5c00000,0x00000000e5c00000,0x00000000e8780000)
 ParOldGen       total 70144K, used 44482K [0x00000000a0000000, 0x00000000a4480000, 0x00000000e0000000)
  object space 70144K, 63% used [0x00000000a0000000,0x00000000a2b70858,0x00000000a4480000)
 Metaspace       used 91309K, capacity 95860K, committed 96000K, reserved 1132544K
  class space    used 12093K, capacity 12967K, committed 13056K, reserved 1048576K
Event: 530.689 GC heap after
Heap after GC invocations=51 (full 3):
 PSYoungGen      total 89088K, used 39017K [0x00000000e0000000, 0x00000000e9080000, 0x0000000100000000)
  eden space 44544K, 0% used [0x00000000e0000000,0x00000000e0000000,0x00000000e2b80000)
  from space 44544K, 87% used [0x00000000e5c00000,0x00000000e821a778,0x00000000e8780000)
  to   space 49664K, 0% used [0x00000000e2b80000,0x00000000e2b80000,0x00000000e5c00000)
 ParOldGen       total 70144K, used 44490K [0x00000000a0000000, 0x00000000a4480000, 0x00000000e0000000)
  object space 70144K, 63% used [0x00000000a0000000,0x00000000a2b72858,0x00000000a4480000)
 Metaspace       used 91309K, capacity 95860K, committed 96000K, reserved 1132544K
  class space    used 12093K, capacity 12967K, committed 13056K, reserved 1048576K
}
Event: 532.653 GC heap before
{Heap before GC invocations=52 (full 3):
 PSYoungGen      total 89088K, used 72598K [0x00000000e0000000, 0x00000000e9080000, 0x0000000100000000)
  eden space 44544K, 75% used [0x00000000e0000000,0x00000000e20cb0d0,0x00000000e2b80000)
  from space 44544K, 87% used [0x00000000e5c00000,0x00000000e821a778,0x00000000e8780000)
  to   space 49664K, 0% used [0x00000000e2b80000,0x00000000e2b80000,0x00000000e5c00000)
 ParOldGen       total 70144K, used 44490K [0x00000000a0000000, 0x00000000a4480000, 0x00000000e0000000)
  object space 70144K, 63% used [0x00000000a0000000,0x00000000a2b72858,0x00000000a4480000)
 Metaspace       used 93499K, capacity 98470K, committed 98600K, reserved 1134592K
  class space    used 12420K, capacity 13364K, committed 13440K, reserved 1048576K
Event: 532.676 GC heap after
Heap after GC invocations=52 (full 3):
 PSYoungGen      total 94208K, used 40630K [0x00000000e0000000, 0x00000000e9980000, 0x0000000100000000)
  eden space 44544K, 0% used [0x00000000e0000000,0x00000000e0000000,0x00000000e2b80000)
  from space 49664K, 81% used [0x00000000e2b80000,0x00000000e532db38,0x00000000e5c00000)
  to   space 54272K, 0% used [0x00000000e6480000,0x00000000e6480000,0x00000000e9980000)
 ParOldGen       total 70144K, used 44498K [0x00000000a0000000, 0x00000000a4480000, 0x00000000e0000000)
  object space 70144K, 63% used [0x00000000a0000000,0x00000000a2b74858,0x00000000a4480000)
 Metaspace       used 93499K, capacity 98470K, committed 98600K, reserved 1134592K
  class space    used 12420K, capacity 13364K, committed 13440K, reserved 1048576K
}
Event: 532.676 GC heap before
{Heap before GC invocations=53 (full 4):
 PSYoungGen      total 94208K, used 40630K [0x00000000e0000000, 0x00000000e9980000, 0x0000000100000000)
  eden space 44544K, 0% used [0x00000000e0000000,0x00000000e0000000,0x00000000e2b80000)
  from space 49664K, 81% used [0x00000000e2b80000,0x00000000e532db38,0x00000000e5c00000)
  to   space 54272K, 0% used [0x00000000e6480000,0x00000000e6480000,0x00000000e9980000)
 ParOldGen       total 70144K, used 44498K [0x00000000a0000000, 0x00000000a4480000, 0x00000000e0000000)
  object space 70144K, 63% used [0x00000000a0000000,0x00000000a2b74858,0x00000000a4480000)
 Metaspace       used 93499K, capacity 98470K, committed 98600K, reserved 1134592K
  class space    used 12420K, capacity 13364K, committed 13440K, reserved 1048576K
Event: 536.051 GC heap after
Heap after GC invocations=53 (full 4):
 PSYoungGen      total 94208K, used 0K [0x00000000e0000000, 0x00000000e9980000, 0x0000000100000000)
  eden space 44544K, 0% used [0x00000000e0000000,0x00000000e0000000,0x00000000e2b80000)
  from space 49664K, 0% used [0x00000000e2b80000,0x00000000e2b80000,0x00000000e5c00000)
  to   space 54272K, 0% used [0x00000000e6480000,0x00000000e6480000,0x00000000e9980000)
 ParOldGen       total 118272K, used 67599K [0x00000000a0000000, 0x00000000a7380000, 0x00000000e0000000)
  object space 118272K, 57% used [0x00000000a0000000,0x00000000a4203c18,0x00000000a7380000)
 Metaspace       used 92925K, capacity 96916K, committed 98600K, reserved 1134592K
  class space    used 12232K, capacity 13033K, committed 13440K, reserved 1048576K
}
Event: 538.166 GC heap before
{Heap before GC invocations=54 (full 4):
 PSYoungGen      total 94208K, used 44544K [0x00000000e0000000, 0x00000000e9980000, 0x0000000100000000)
  eden space 44544K, 100% used [0x00000000e0000000,0x00000000e2b80000,0x00000000e2b80000)
  from space 49664K, 0% used [0x00000000e2b80000,0x00000000e2b80000,0x00000000e5c00000)
  to   space 54272K, 0% used [0x00000000e6480000,0x00000000e6480000,0x00000000e9980000)
 ParOldGen       total 118272K, used 67599K [0x00000000a0000000, 0x00000000a7380000, 0x00000000e0000000)
  object space 118272K, 57% used [0x00000000a0000000,0x00000000a4203c18,0x00000000a7380000)
 Metaspace       used 97517K, capacity 102480K, committed 102784K, reserved 1138688K
  class space    used 12987K, capacity 13907K, committed 13952K, reserved 1048576K
Event: 538.172 GC heap after
Heap after GC invocations=54 (full 4):
 PSYoungGen      total 101888K, used 5579K [0x00000000e0000000, 0x00000000e9900000, 0x0000000100000000)
  eden space 48128K, 0% used [0x00000000e0000000,0x00000000e0000000,0x00000000e2f00000)
  from space 53760K, 10% used [0x00000000e6480000,0x00000000e69f2c98,0x00000000e9900000)
  to   space 54272K, 0% used [0x00000000e2f00000,0x00000000e2f00000,0x00000000e6400000)
 ParOldGen       total 118272K, used 67607K [0x00000000a0000000, 0x00000000a7380000, 0x00000000e0000000)
  object space 118272K, 57% used [0x00000000a0000000,0x00000000a4205c18,0x00000000a7380000)
 Metaspace       used 97517K, capacity 102480K, committed 102784K, reserved 1138688K
  class space    used 12987K, capacity 13907K, committed 13952K, reserved 1048576K
}
Event: 538.525 GC heap before
{Heap before GC invocations=55 (full 4):
 PSYoungGen      total 101888K, used 53707K [0x00000000e0000000, 0x00000000e9900000, 0x0000000100000000)
  eden space 48128K, 100% used [0x00000000e0000000,0x00000000e2f00000,0x00000000e2f00000)
  from space 53760K, 10% used [0x00000000e6480000,0x00000000e69f2c98,0x00000000e9900000)
  to   space 54272K, 0% used [0x00000000e2f00000,0x00000000e2f00000,0x00000000e6400000)
 ParOldGen       total 118272K, used 67607K [0x00000000a0000000, 0x00000000a7380000, 0x00000000e0000000)
  object space 118272K, 57% used [0x00000000a0000000,0x00000000a4205c18,0x00000000a7380000)
 Metaspace       used 98058K, capacity 103202K, committed 103424K, reserved 1138688K
  class space    used 13063K, capacity 14004K, committed 14080K, reserved 1048576K
Event: 538.530 GC heap after
Heap after GC invocations=55 (full 4):
 PSYoungGen      total 102400K, used 4227K [0x00000000e0000000, 0x00000000e9900000, 0x0000000100000000)
  eden space 48128K, 0% used [0x00000000e0000000,0x00000000e0000000,0x00000000e2f00000)
  from space 54272K, 7% used [0x00000000e2f00000,0x00000000e3320e20,0x00000000e6400000)
  to   space 53760K, 0% used [0x00000000e6480000,0x00000000e6480000,0x00000000e9900000)
 ParOldGen       total 118272K, used 67615K [0x00000000a0000000, 0x00000000a7380000, 0x00000000e0000000)
  object space 118272K, 57% used [0x00000000a0000000,0x00000000a4207c18,0x00000000a7380000)
 Metaspace       used 98058K, capacity 103202K, committed 103424K, reserved 1138688K
  class space    used 13063K, capacity 14004K, committed 14080K, reserved 1048576K
}

