# JRE version: OpenJDK Runtime Environment (8.0_212-b04) (build 1.8.0_212-release-1586-b04)
# Java VM: OpenJDK 64-Bit Server VM (25.212-b04 mixed mode windows-amd64 compressed oops)
Heap:
 PSYoungGen      total 79872K, used 57831K [0x00000000e0000000, 0x00000000e6c00000, 0x0000000100000000)
  eden space 60928K, 63% used [0x00000000e0000000,0x00000000e25fb740,0x00000000e3b80000)
  from space 18944K, 99% used [0x00000000e3b80000,0x00000000e4dfe600,0x00000000e4e00000)
  to   space 23040K, 0% used [0x00000000e5580000,0x00000000e5580000,0x00000000e6c00000)
 ParOldGen       total 93184K, used 48368K [0x00000000a0000000, 0x00000000a5b00000, 0x00000000e0000000)
  object space 93184K, 51% used [0x00000000a0000000,0x00000000a2f3c0c8,0x00000000a5b00000)
 Metaspace       used 84330K, capacity 88350K, committed 88576K, reserved 1126400K
  class space    used 11515K, capacity 12256K, committed 12288K, reserved 1048576K
GC Heap History (10 events):
Event: 38.011 GC heap before
{Heap before GC invocations=32 (full 3):
 PSYoungGen      total 72704K, used 72150K [0x00000000e0000000, 0x00000000e5580000, 0x0000000100000000)
  eden space 62464K, 100% used [0x00000000e0000000,0x00000000e3d00000,0x00000000e3d00000)
  from space 10240K, 94% used [0x00000000e4880000,0x00000000e51f5928,0x00000000e5280000)
  to   space 11776K, 0% used [0x00000000e3d00000,0x00000000e3d00000,0x00000000e4880000)
 ParOldGen       total 93184K, used 31843K [0x00000000a0000000, 0x00000000a5b00000, 0x00000000e0000000)
  object space 93184K, 34% used [0x00000000a0000000,0x00000000a1f18cc0,0x00000000a5b00000)
 Metaspace       used 63815K, capacity 66228K, committed 66432K, reserved 1105920K
  class space    used 8715K, capacity 9263K, committed 9344K, reserved 1048576K
Event: 38.025 GC heap after
Heap after GC invocations=32 (full 3):
 PSYoungGen      total 74240K, used 11767K [0x00000000e0000000, 0x00000000e5b80000, 0x0000000100000000)
  eden space 62464K, 0% used [0x00000000e0000000,0x00000000e0000000,0x00000000e3d00000)
  from space 11776K, 99% used [0x00000000e3d00000,0x00000000e487dd80,0x00000000e4880000)
  to   space 13824K, 0% used [0x00000000e4e00000,0x00000000e4e00000,0x00000000e5b80000)
 ParOldGen       total 93184K, used 32697K [0x00000000a0000000, 0x00000000a5b00000, 0x00000000e0000000)
  object space 93184K, 35% used [0x00000000a0000000,0x00000000a1fee7d0,0x00000000a5b00000)
 Metaspace       used 63815K, capacity 66228K, committed 66432K, reserved 1105920K
  class space    used 8715K, capacity 9263K, committed 9344K, reserved 1048576K
}
Event: 43.676 GC heap before
{Heap before GC invocations=33 (full 3):
 PSYoungGen      total 74240K, used 74231K [0x00000000e0000000, 0x00000000e5b80000, 0x0000000100000000)
  eden space 62464K, 100% used [0x00000000e0000000,0x00000000e3d00000,0x00000000e3d00000)
  from space 11776K, 99% used [0x00000000e3d00000,0x00000000e487dd80,0x00000000e4880000)
  to   space 13824K, 0% used [0x00000000e4e00000,0x00000000e4e00000,0x00000000e5b80000)
 ParOldGen       total 93184K, used 32697K [0x00000000a0000000, 0x00000000a5b00000, 0x00000000e0000000)
  object space 93184K, 35% used [0x00000000a0000000,0x00000000a1fee7d0,0x00000000a5b00000)
 Metaspace       used 66535K, capacity 68934K, committed 69120K, reserved 1107968K
  class space    used 9072K, capacity 9608K, committed 9728K, reserved 1048576K
Event: 43.695 GC heap after
Heap after GC invocations=33 (full 3):
 PSYoungGen      total 78848K, used 10624K [0x00000000e0000000, 0x00000000e5d80000, 0x0000000100000000)
  eden space 65024K, 0% used [0x00000000e0000000,0x00000000e0000000,0x00000000e3f80000)
  from space 13824K, 76% used [0x00000000e4e00000,0x00000000e5860360,0x00000000e5b80000)
  to   space 14848K, 0% used [0x00000000e3f80000,0x00000000e3f80000,0x00000000e4e00000)
 ParOldGen       total 93184K, used 37216K [0x00000000a0000000, 0x00000000a5b00000, 0x00000000e0000000)
  object space 93184K, 39% used [0x00000000a0000000,0x00000000a24581d0,0x00000000a5b00000)
 Metaspace       used 66535K, capacity 68934K, committed 69120K, reserved 1107968K
  class space    used 9072K, capacity 9608K, committed 9728K, reserved 1048576K
}
Event: 69.265 GC heap before
{Heap before GC invocations=34 (full 3):
 PSYoungGen      total 78848K, used 75648K [0x00000000e0000000, 0x00000000e5d80000, 0x0000000100000000)
  eden space 65024K, 100% used [0x00000000e0000000,0x00000000e3f80000,0x00000000e3f80000)
  from space 13824K, 76% used [0x00000000e4e00000,0x00000000e5860360,0x00000000e5b80000)
  to   space 14848K, 0% used [0x00000000e3f80000,0x00000000e3f80000,0x00000000e4e00000)
 ParOldGen       total 93184K, used 37216K [0x00000000a0000000, 0x00000000a5b00000, 0x00000000e0000000)
  object space 93184K, 39% used [0x00000000a0000000,0x00000000a24581d0,0x00000000a5b00000)
 Metaspace       used 69632K, capacity 72120K, committed 72192K, reserved 1112064K
  class space    used 9416K, capacity 9959K, committed 9984K, reserved 1048576K
Event: 69.300 GC heap after
Heap after GC invocations=34 (full 3):
 PSYoungGen      total 79872K, used 14818K [0x00000000e0000000, 0x00000000e5d80000, 0x0000000100000000)
  eden space 65024K, 0% used [0x00000000e0000000,0x00000000e0000000,0x00000000e3f80000)
  from space 14848K, 99% used [0x00000000e3f80000,0x00000000e4df8990,0x00000000e4e00000)
  to   space 13824K, 0% used [0x00000000e4e00000,0x00000000e4e00000,0x00000000e5b80000)
 ParOldGen       total 93184K, used 39596K [0x00000000a0000000, 0x00000000a5b00000, 0x00000000e0000000)
  object space 93184K, 42% used [0x00000000a0000000,0x00000000a26ab1b0,0x00000000a5b00000)
 Metaspace       used 69632K, capacity 72120K, committed 72192K, reserved 1112064K
  class space    used 9416K, capacity 9959K, committed 9984K, reserved 1048576K
}
Event: 95.191 GC heap before
{Heap before GC invocations=35 (full 3):
 PSYoungGen      total 79872K, used 79842K [0x00000000e0000000, 0x00000000e5d80000, 0x0000000100000000)
  eden space 65024K, 100% used [0x00000000e0000000,0x00000000e3f80000,0x00000000e3f80000)
  from space 14848K, 99% used [0x00000000e3f80000,0x00000000e4df8990,0x00000000e4e00000)
  to   space 13824K, 0% used [0x00000000e4e00000,0x00000000e4e00000,0x00000000e5b80000)
 ParOldGen       total 93184K, used 39596K [0x00000000a0000000, 0x00000000a5b00000, 0x00000000e0000000)
  object space 93184K, 42% used [0x00000000a0000000,0x00000000a26ab1b0,0x00000000a5b00000)
 Metaspace       used 75313K, capacity 78012K, committed 78080K, reserved 1116160K
  class space    used 10201K, capacity 10751K, committed 10752K, reserved 1048576K
Event: 95.264 GC heap after
Heap after GC invocations=35 (full 3):
 PSYoungGen      total 74752K, used 12287K [0x00000000e0000000, 0x00000000e6780000, 0x0000000100000000)
  eden space 60928K, 0% used [0x00000000e0000000,0x00000000e0000000,0x00000000e3b80000)
  from space 13824K, 88% used [0x00000000e4e00000,0x00000000e59fff60,0x00000000e5b80000)
  to   space 18944K, 0% used [0x00000000e3b80000,0x00000000e3b80000,0x00000000e4e00000)
 ParOldGen       total 93184K, used 44801K [0x00000000a0000000, 0x00000000a5b00000, 0x00000000e0000000)
  object space 93184K, 48% used [0x00000000a0000000,0x00000000a2bc0508,0x00000000a5b00000)
 Metaspace       used 75313K, capacity 78012K, committed 78080K, reserved 1116160K
  class space    used 10201K, capacity 10751K, committed 10752K, reserved 1048576K
}
Event: 100.753 GC heap before
{Heap before GC invocations=36 (full 3):
 PSYoungGen      total 74752K, used 73215K [0x00000000e0000000, 0x00000000e6780000, 0x0000000100000000)
  eden space 60928K, 100% used [0x00000000e0000000,0x00000000e3b80000,0x00000000e3b80000)
  from space 13824K, 88% used [0x00000000e4e00000,0x00000000e59fff60,0x00000000e5b80000)
  to   space 18944K, 0% used [0x00000000e3b80000,0x00000000e3b80000,0x00000000e4e00000)
 ParOldGen       total 93184K, used 44801K [0x00000000a0000000, 0x00000000a5b00000, 0x00000000e0000000)
  object space 93184K, 48% used [0x00000000a0000000,0x00000000a2bc0508,0x00000000a5b00000)
 Metaspace       used 83013K, capacity 86714K, committed 86912K, reserved 1124352K
  class space    used 11349K, capacity 12058K, committed 12160K, reserved 1048576K
Event: 100.853 GC heap after
Heap after GC invocations=36 (full 3):
 PSYoungGen      total 79872K, used 18937K [0x00000000e0000000, 0x00000000e6c00000, 0x0000000100000000)
  eden space 60928K, 0% used [0x00000000e0000000,0x00000000e0000000,0x00000000e3b80000)
  from space 18944K, 99% used [0x00000000e3b80000,0x00000000e4dfe600,0x00000000e4e00000)
  to   space 23040K, 0% used [0x00000000e5580000,0x00000000e5580000,0x00000000e6c00000)
 ParOldGen       total 93184K, used 48368K [0x00000000a0000000, 0x00000000a5b00000, 0x00000000e0000000)
  object space 93184K, 51% used [0x00000000a0000000,0x00000000a2f3c0c8,0x00000000a5b00000)
 Metaspace       used 83013K, capacity 86714K, committed 86912K, reserved 1124352K
  class space    used 11349K, capacity 12058K, committed 12160K, reserved 1048576K
}

