# JRE version: OpenJDK Runtime Environment (8.0_212-b04) (build 1.8.0_212-release-1586-b04)
# Java VM: OpenJDK 64-Bit Server VM (25.212-b04 mixed mode windows-amd64 compressed oops)
Heap:
 PSYoungGen      total 68608K, used 42670K [0x00000000e0000000, 0x00000000e5400000, 0x0000000100000000)
  eden space 53248K, 53% used [0x00000000e0000000,0x00000000e1b92758,0x00000000e3400000)
  from space 15360K, 93% used [0x00000000e3400000,0x00000000e42190b0,0x00000000e4300000)
  to   space 13312K, 0% used [0x00000000e4300000,0x00000000e4300000,0x00000000e5000000)
 ParOldGen       total 70656K, used 35320K [0x00000000a0000000, 0x00000000a4500000, 0x00000000e0000000)
  object space 70656K, 49% used [0x00000000a0000000,0x00000000a227e168,0x00000000a4500000)
 Metaspace       used 71998K, capacity 75968K, committed 76032K, reserved 1114112K
  class space    used 9927K, capacity 10709K, committed 10752K, reserved 1048576K
GC Heap History (10 events):
Event: 83.868 GC heap before
{Heap before GC invocations=38 (full 3):
 PSYoungGen      total 54272K, used 51890K [0x00000000e0000000, 0x00000000e4100000, 0x0000000100000000)
  eden space 48128K, 100% used [0x00000000e0000000,0x00000000e2f00000,0x00000000e2f00000)
  from space 6144K, 61% used [0x00000000e3b00000,0x00000000e3eaca28,0x00000000e4100000)
  to   space 9216K, 0% used [0x00000000e2f00000,0x00000000e2f00000,0x00000000e3800000)
 ParOldGen       total 70656K, used 31467K [0x00000000a0000000, 0x00000000a4500000, 0x00000000e0000000)
  object space 70656K, 44% used [0x00000000a0000000,0x00000000a1ebaf70,0x00000000a4500000)
 Metaspace       used 60214K, capacity 62404K, committed 62592K, reserved 1103872K
  class space    used 8310K, capacity 8799K, committed 8832K, reserved 1048576K
Event: 83.959 GC heap after
Heap after GC invocations=38 (full 3):
 PSYoungGen      total 57344K, used 6396K [0x00000000e0000000, 0x00000000e4600000, 0x0000000100000000)
  eden space 48128K, 0% used [0x00000000e0000000,0x00000000e0000000,0x00000000e2f00000)
  from space 9216K, 69% used [0x00000000e2f00000,0x00000000e353f220,0x00000000e3800000)
  to   space 9728K, 0% used [0x00000000e3c80000,0x00000000e3c80000,0x00000000e4600000)
 ParOldGen       total 70656K, used 31475K [0x00000000a0000000, 0x00000000a4500000, 0x00000000e0000000)
  object space 70656K, 44% used [0x00000000a0000000,0x00000000a1ebcf70,0x00000000a4500000)
 Metaspace       used 60214K, capacity 62404K, committed 62592K, reserved 1103872K
  class space    used 8310K, capacity 8799K, committed 8832K, reserved 1048576K
}
Event: 88.194 GC heap before
{Heap before GC invocations=39 (full 3):
 PSYoungGen      total 57344K, used 54523K [0x00000000e0000000, 0x00000000e4600000, 0x0000000100000000)
  eden space 48128K, 99% used [0x00000000e0000000,0x00000000e2effc48,0x00000000e2f00000)
  from space 9216K, 69% used [0x00000000e2f00000,0x00000000e353f220,0x00000000e3800000)
  to   space 9728K, 0% used [0x00000000e3c80000,0x00000000e3c80000,0x00000000e4600000)
 ParOldGen       total 70656K, used 31475K [0x00000000a0000000, 0x00000000a4500000, 0x00000000e0000000)
  object space 70656K, 44% used [0x00000000a0000000,0x00000000a1ebcf70,0x00000000a4500000)
 Metaspace       used 62138K, capacity 65188K, committed 65408K, reserved 1105920K
  class space    used 8648K, capacity 9305K, committed 9344K, reserved 1048576K
Event: 88.248 GC heap after
Heap after GC invocations=39 (full 3):
 PSYoungGen      total 60416K, used 9637K [0x00000000e0000000, 0x00000000e4900000, 0x0000000100000000)
  eden space 50688K, 0% used [0x00000000e0000000,0x00000000e0000000,0x00000000e3180000)
  from space 9728K, 99% used [0x00000000e3c80000,0x00000000e45e95c8,0x00000000e4600000)
  to   space 11264K, 0% used [0x00000000e3180000,0x00000000e3180000,0x00000000e3c80000)
 ParOldGen       total 70656K, used 31483K [0x00000000a0000000, 0x00000000a4500000, 0x00000000e0000000)
  object space 70656K, 44% used [0x00000000a0000000,0x00000000a1ebef70,0x00000000a4500000)
 Metaspace       used 62138K, capacity 65188K, committed 65408K, reserved 1105920K
  class space    used 8648K, capacity 9305K, committed 9344K, reserved 1048576K
}
Event: 90.974 GC heap before
{Heap before GC invocations=40 (full 3):
 PSYoungGen      total 60416K, used 60325K [0x00000000e0000000, 0x00000000e4900000, 0x0000000100000000)
  eden space 50688K, 100% used [0x00000000e0000000,0x00000000e3180000,0x00000000e3180000)
  from space 9728K, 99% used [0x00000000e3c80000,0x00000000e45e95c8,0x00000000e4600000)
  to   space 11264K, 0% used [0x00000000e3180000,0x00000000e3180000,0x00000000e3c80000)
 ParOldGen       total 70656K, used 31483K [0x00000000a0000000, 0x00000000a4500000, 0x00000000e0000000)
  object space 70656K, 44% used [0x00000000a0000000,0x00000000a1ebef70,0x00000000a4500000)
 Metaspace       used 65229K, capacity 68276K, committed 68480K, reserved 1107968K
  class space    used 9110K, capacity 9741K, committed 9856K, reserved 1048576K
Event: 91.006 GC heap after
Heap after GC invocations=40 (full 3):
 PSYoungGen      total 61952K, used 11242K [0x00000000e0000000, 0x00000000e5000000, 0x0000000100000000)
  eden space 50688K, 0% used [0x00000000e0000000,0x00000000e0000000,0x00000000e3180000)
  from space 11264K, 99% used [0x00000000e3180000,0x00000000e3c7aa00,0x00000000e3c80000)
  to   space 13312K, 0% used [0x00000000e4300000,0x00000000e4300000,0x00000000e5000000)
 ParOldGen       total 70656K, used 32804K [0x00000000a0000000, 0x00000000a4500000, 0x00000000e0000000)
  object space 70656K, 46% used [0x00000000a0000000,0x00000000a2009128,0x00000000a4500000)
 Metaspace       used 65229K, capacity 68276K, committed 68480K, reserved 1107968K
  class space    used 9110K, capacity 9741K, committed 9856K, reserved 1048576K
}
Event: 92.299 GC heap before
{Heap before GC invocations=41 (full 3):
 PSYoungGen      total 61952K, used 61930K [0x00000000e0000000, 0x00000000e5000000, 0x0000000100000000)
  eden space 50688K, 100% used [0x00000000e0000000,0x00000000e3180000,0x00000000e3180000)
  from space 11264K, 99% used [0x00000000e3180000,0x00000000e3c7aa00,0x00000000e3c80000)
  to   space 13312K, 0% used [0x00000000e4300000,0x00000000e4300000,0x00000000e5000000)
 ParOldGen       total 70656K, used 32804K [0x00000000a0000000, 0x00000000a4500000, 0x00000000e0000000)
  object space 70656K, 46% used [0x00000000a0000000,0x00000000a2009128,0x00000000a4500000)
 Metaspace       used 68311K, capacity 71412K, committed 71680K, reserved 1110016K
  class space    used 9497K, capacity 10125K, committed 10240K, reserved 1048576K
Event: 92.318 GC heap after
Heap after GC invocations=41 (full 3):
 PSYoungGen      total 66560K, used 13162K [0x00000000e0000000, 0x00000000e5400000, 0x0000000100000000)
  eden space 53248K, 0% used [0x00000000e0000000,0x00000000e0000000,0x00000000e3400000)
  from space 13312K, 98% used [0x00000000e4300000,0x00000000e4fdabd8,0x00000000e5000000)
  to   space 15360K, 0% used [0x00000000e3400000,0x00000000e3400000,0x00000000e4300000)
 ParOldGen       total 70656K, used 35312K [0x00000000a0000000, 0x00000000a4500000, 0x00000000e0000000)
  object space 70656K, 49% used [0x00000000a0000000,0x00000000a227c168,0x00000000a4500000)
 Metaspace       used 68311K, capacity 71412K, committed 71680K, reserved 1110016K
  class space    used 9497K, capacity 10125K, committed 10240K, reserved 1048576K
}
Event: 95.123 GC heap before
{Heap before GC invocations=42 (full 3):
 PSYoungGen      total 66560K, used 66410K [0x00000000e0000000, 0x00000000e5400000, 0x0000000100000000)
  eden space 53248K, 100% used [0x00000000e0000000,0x00000000e3400000,0x00000000e3400000)
  from space 13312K, 98% used [0x00000000e4300000,0x00000000e4fdabd8,0x00000000e5000000)
  to   space 15360K, 0% used [0x00000000e3400000,0x00000000e3400000,0x00000000e4300000)
 ParOldGen       total 70656K, used 35312K [0x00000000a0000000, 0x00000000a4500000, 0x00000000e0000000)
  object space 70656K, 49% used [0x00000000a0000000,0x00000000a227c168,0x00000000a4500000)
 Metaspace       used 70124K, capacity 73666K, committed 73984K, reserved 1112064K
  class space    used 9700K, capacity 10408K, committed 10496K, reserved 1048576K
Event: 95.449 GC heap after
Heap after GC invocations=42 (full 3):
 PSYoungGen      total 68608K, used 14436K [0x00000000e0000000, 0x00000000e5400000, 0x0000000100000000)
  eden space 53248K, 0% used [0x00000000e0000000,0x00000000e0000000,0x00000000e3400000)
  from space 15360K, 93% used [0x00000000e3400000,0x00000000e42190b0,0x00000000e4300000)
  to   space 13312K, 0% used [0x00000000e4300000,0x00000000e4300000,0x00000000e5000000)
 ParOldGen       total 70656K, used 35320K [0x00000000a0000000, 0x00000000a4500000, 0x00000000e0000000)
  object space 70656K, 49% used [0x00000000a0000000,0x00000000a227e168,0x00000000a4500000)
 Metaspace       used 70124K, capacity 73666K, committed 73984K, reserved 1112064K
  class space    used 9700K, capacity 10408K, committed 10496K, reserved 1048576K
}

