# JRE version: OpenJDK Runtime Environment (8.0_212-b04) (build 1.8.0_212-release-1586-b04)
# Java VM: OpenJDK 64-Bit Server VM (25.212-b04 mixed mode windows-amd64 compressed oops)
Heap:
 PSYoungGen      total 173056K, used 32384K [0x00000000e0000000, 0x00000000ebe00000, 0x0000000100000000)
  eden space 157696K, 20% used [0x00000000e0000000,0x00000000e1fa00c8,0x00000000e9a00000)
  from space 15360K, 0% used [0x00000000eab00000,0x00000000eab00000,0x00000000eba00000)
  to   space 17408K, 0% used [0x00000000e9a00000,0x00000000e9a00000,0x00000000eab00000)
 ParOldGen       total 59904K, used 36002K [0x00000000a0000000, 0x00000000a3a80000, 0x00000000e0000000)
  object space 59904K, 60% used [0x00000000a0000000,0x00000000a2328b90,0x00000000a3a80000)
 Metaspace       used 58792K, capacity 60604K, committed 60800K, reserved 1101824K
  class space    used 8054K, capacity 8489K, committed 8576K, reserved 1048576K
GC Heap History (10 events):
Event: 4.729 GC heap before
{Heap before GC invocations=11 (full 1):
 PSYoungGen      total 136704K, used 46814K [0x00000000e0000000, 0x00000000e9880000, 0x0000000100000000)
  eden space 125952K, 28% used [0x00000000e0000000,0x00000000e236e130,0x00000000e7b00000)
  from space 10752K, 97% used [0x00000000e7b00000,0x00000000e8549908,0x00000000e8580000)
  to   space 12288K, 0% used [0x00000000e8c80000,0x00000000e8c80000,0x00000000e9880000)
 ParOldGen       total 40960K, used 12224K [0x00000000a0000000, 0x00000000a2800000, 0x00000000e0000000)
  object space 40960K, 29% used [0x00000000a0000000,0x00000000a0bf01c0,0x00000000a2800000)
 Metaspace       used 34583K, capacity 35424K, committed 35456K, reserved 1079296K
  class space    used 4745K, capacity 4971K, committed 4992K, reserved 1048576K
Event: 4.739 GC heap after
Heap after GC invocations=11 (full 1):
 PSYoungGen      total 144384K, used 5633K [0x00000000e0000000, 0x00000000eba00000, 0x0000000100000000)
  eden space 132096K, 0% used [0x00000000e0000000,0x00000000e0000000,0x00000000e8100000)
  from space 12288K, 45% used [0x00000000e8c80000,0x00000000e92006e8,0x00000000e9880000)
  to   space 11776K, 0% used [0x00000000e8100000,0x00000000e8100000,0x00000000e8c80000)
 ParOldGen       total 40960K, used 15676K [0x00000000a0000000, 0x00000000a2800000, 0x00000000e0000000)
  object space 40960K, 38% used [0x00000000a0000000,0x00000000a0f4f1f0,0x00000000a2800000)
 Metaspace       used 34583K, capacity 35424K, committed 35456K, reserved 1079296K
  class space    used 4745K, capacity 4971K, committed 4992K, reserved 1048576K
}
Event: 4.739 GC heap before
{Heap before GC invocations=12 (full 2):
 PSYoungGen      total 144384K, used 5633K [0x00000000e0000000, 0x00000000eba00000, 0x0000000100000000)
  eden space 132096K, 0% used [0x00000000e0000000,0x00000000e0000000,0x00000000e8100000)
  from space 12288K, 45% used [0x00000000e8c80000,0x00000000e92006e8,0x00000000e9880000)
  to   space 11776K, 0% used [0x00000000e8100000,0x00000000e8100000,0x00000000e8c80000)
 ParOldGen       total 40960K, used 15676K [0x00000000a0000000, 0x00000000a2800000, 0x00000000e0000000)
  object space 40960K, 38% used [0x00000000a0000000,0x00000000a0f4f1f0,0x00000000a2800000)
 Metaspace       used 34583K, capacity 35424K, committed 35456K, reserved 1079296K
  class space    used 4745K, capacity 4971K, committed 4992K, reserved 1048576K
Event: 4.808 GC heap after
Heap after GC invocations=12 (full 2):
 PSYoungGen      total 144384K, used 0K [0x00000000e0000000, 0x00000000eba00000, 0x0000000100000000)
  eden space 132096K, 0% used [0x00000000e0000000,0x00000000e0000000,0x00000000e8100000)
  from space 12288K, 0% used [0x00000000e8c80000,0x00000000e8c80000,0x00000000e9880000)
  to   space 11776K, 0% used [0x00000000e8100000,0x00000000e8100000,0x00000000e8c80000)
 ParOldGen       total 59904K, used 15870K [0x00000000a0000000, 0x00000000a3a80000, 0x00000000e0000000)
  object space 59904K, 26% used [0x00000000a0000000,0x00000000a0f7faa8,0x00000000a3a80000)
 Metaspace       used 34558K, capacity 35340K, committed 35456K, reserved 1079296K
  class space    used 4738K, capacity 4957K, committed 4992K, reserved 1048576K
}
Event: 8.492 GC heap before
{Heap before GC invocations=13 (full 2):
 PSYoungGen      total 144384K, used 132096K [0x00000000e0000000, 0x00000000eba00000, 0x0000000100000000)
  eden space 132096K, 100% used [0x00000000e0000000,0x00000000e8100000,0x00000000e8100000)
  from space 12288K, 0% used [0x00000000e8c80000,0x00000000e8c80000,0x00000000e9880000)
  to   space 11776K, 0% used [0x00000000e8100000,0x00000000e8100000,0x00000000e8c80000)
 ParOldGen       total 59904K, used 15870K [0x00000000a0000000, 0x00000000a3a80000, 0x00000000e0000000)
  object space 59904K, 26% used [0x00000000a0000000,0x00000000a0f7faa8,0x00000000a3a80000)
 Metaspace       used 47974K, capacity 49184K, committed 49536K, reserved 1091584K
  class space    used 6374K, capacity 6694K, committed 6784K, reserved 1048576K
Event: 8.506 GC heap after
Heap after GC invocations=13 (full 2):
 PSYoungGen      total 143872K, used 11767K [0x00000000e0000000, 0x00000000eba00000, 0x0000000100000000)
  eden space 132096K, 0% used [0x00000000e0000000,0x00000000e0000000,0x00000000e8100000)
  from space 11776K, 99% used [0x00000000e8100000,0x00000000e8c7dc60,0x00000000e8c80000)
  to   space 15360K, 0% used [0x00000000eab00000,0x00000000eab00000,0x00000000eba00000)
 ParOldGen       total 59904K, used 21026K [0x00000000a0000000, 0x00000000a3a80000, 0x00000000e0000000)
  object space 59904K, 35% used [0x00000000a0000000,0x00000000a1488ae0,0x00000000a3a80000)
 Metaspace       used 47974K, capacity 49184K, committed 49536K, reserved 1091584K
  class space    used 6374K, capacity 6694K, committed 6784K, reserved 1048576K
}
Event: 11.687 GC heap before
{Heap before GC invocations=14 (full 2):
 PSYoungGen      total 143872K, used 143320K [0x00000000e0000000, 0x00000000eba00000, 0x0000000100000000)
  eden space 132096K, 99% used [0x00000000e0000000,0x00000000e8078690,0x00000000e8100000)
  from space 11776K, 99% used [0x00000000e8100000,0x00000000e8c7dc60,0x00000000e8c80000)
  to   space 15360K, 0% used [0x00000000eab00000,0x00000000eab00000,0x00000000eba00000)
 ParOldGen       total 59904K, used 21026K [0x00000000a0000000, 0x00000000a3a80000, 0x00000000e0000000)
  object space 59904K, 35% used [0x00000000a0000000,0x00000000a1488ae0,0x00000000a3a80000)
 Metaspace       used 57288K, capacity 59004K, committed 59096K, reserved 1099776K
  class space    used 7843K, capacity 8257K, committed 8320K, reserved 1048576K
Event: 11.723 GC heap after
Heap after GC invocations=14 (full 2):
 PSYoungGen      total 173056K, used 14179K [0x00000000e0000000, 0x00000000ebe00000, 0x0000000100000000)
  eden space 157696K, 0% used [0x00000000e0000000,0x00000000e0000000,0x00000000e9a00000)
  from space 15360K, 92% used [0x00000000eab00000,0x00000000eb8d8d38,0x00000000eba00000)
  to   space 17408K, 0% used [0x00000000e9a00000,0x00000000e9a00000,0x00000000eab00000)
 ParOldGen       total 59904K, used 28745K [0x00000000a0000000, 0x00000000a3a80000, 0x00000000e0000000)
  object space 59904K, 47% used [0x00000000a0000000,0x00000000a1c126b8,0x00000000a3a80000)
 Metaspace       used 57288K, capacity 59004K, committed 59096K, reserved 1099776K
  class space    used 7843K, capacity 8257K, committed 8320K, reserved 1048576K
}
Event: 11.723 GC heap before
{Heap before GC invocations=15 (full 3):
 PSYoungGen      total 173056K, used 14179K [0x00000000e0000000, 0x00000000ebe00000, 0x0000000100000000)
  eden space 157696K, 0% used [0x00000000e0000000,0x00000000e0000000,0x00000000e9a00000)
  from space 15360K, 92% used [0x00000000eab00000,0x00000000eb8d8d38,0x00000000eba00000)
  to   space 17408K, 0% used [0x00000000e9a00000,0x00000000e9a00000,0x00000000eab00000)
 ParOldGen       total 59904K, used 28745K [0x00000000a0000000, 0x00000000a3a80000, 0x00000000e0000000)
  object space 59904K, 47% used [0x00000000a0000000,0x00000000a1c126b8,0x00000000a3a80000)
 Metaspace       used 57288K, capacity 59004K, committed 59096K, reserved 1099776K
  class space    used 7843K, capacity 8257K, committed 8320K, reserved 1048576K
Event: 12.039 GC heap after
Heap after GC invocations=15 (full 3):
 PSYoungGen      total 173056K, used 0K [0x00000000e0000000, 0x00000000ebe00000, 0x0000000100000000)
  eden space 157696K, 0% used [0x00000000e0000000,0x00000000e0000000,0x00000000e9a00000)
  from space 15360K, 0% used [0x00000000eab00000,0x00000000eab00000,0x00000000eba00000)
  to   space 17408K, 0% used [0x00000000e9a00000,0x00000000e9a00000,0x00000000eab00000)
 ParOldGen       total 59904K, used 36002K [0x00000000a0000000, 0x00000000a3a80000, 0x00000000e0000000)
  object space 59904K, 60% used [0x00000000a0000000,0x00000000a2328b90,0x00000000a3a80000)
 Metaspace       used 57288K, capacity 59004K, committed 59096K, reserved 1099776K
  class space    used 7843K, capacity 8257K, committed 8320K, reserved 1048576K
}

