# JRE version: OpenJDK Runtime Environment (8.0_212-b04) (build 1.8.0_212-release-1586-b04)
# Java VM: OpenJDK 64-Bit Server VM (25.212-b04 mixed mode windows-amd64 compressed oops)
Heap:
 PSYoungGen      total 343040K, used 157283K [0x00000000e0000000, 0x00000000fa180000, 0x0000000100000000)
  eden space 319488K, 47% used [0x00000000e0000000,0x00000000e942cc98,0x00000000f3800000)
  from space 23552K, 23% used [0x00000000f3800000,0x00000000f3d6c010,0x00000000f4f00000)
  to   space 23040K, 0% used [0x00000000f8b00000,0x00000000f8b00000,0x00000000fa180000)
 ParOldGen       total 150528K, used 95032K [0x00000000a0000000, 0x00000000a9300000, 0x00000000e0000000)
  object space 150528K, 63% used [0x00000000a0000000,0x00000000a5cce300,0x00000000a9300000)
 Metaspace       used 94915K, capacity 98652K, committed 101120K, reserved 1136640K
  class space    used 12262K, capacity 12983K, committed 13568K, reserved 1048576K
GC Heap History (10 events):
Event: 727.584 GC heap before
{Heap before GC invocations=30 (full 4):
 PSYoungGen      total 232960K, used 220825K [0x00000000e0000000, 0x00000000f2200000, 0x0000000100000000)
  eden space 214016K, 100% used [0x00000000e0000000,0x00000000ed100000,0x00000000ed100000)
  from space 18944K, 35% used [0x00000000ed100000,0x00000000ed7a64a8,0x00000000ee380000)
  to   space 18432K, 0% used [0x00000000f1000000,0x00000000f1000000,0x00000000f2200000)
 ParOldGen       total 108032K, used 74315K [0x00000000a0000000, 0x00000000a6980000, 0x00000000e0000000)
  object space 108032K, 68% used [0x00000000a0000000,0x00000000a4892fd0,0x00000000a6980000)
 Metaspace       used 94539K, capacity 98376K, committed 100864K, reserved 1136640K
  class space    used 12258K, capacity 13001K, committed 13568K, reserved 1048576K
Event: 727.599 GC heap after
Heap after GC invocations=30 (full 4):
 PSYoungGen      total 279040K, used 2912K [0x00000000e0000000, 0x00000000f2200000, 0x0000000100000000)
  eden space 260608K, 0% used [0x00000000e0000000,0x00000000e0000000,0x00000000efe80000)
  from space 18432K, 15% used [0x00000000f1000000,0x00000000f12d8000,0x00000000f2200000)
  to   space 17920K, 0% used [0x00000000efe80000,0x00000000efe80000,0x00000000f1000000)
 ParOldGen       total 108032K, used 78384K [0x00000000a0000000, 0x00000000a6980000, 0x00000000e0000000)
  object space 108032K, 72% used [0x00000000a0000000,0x00000000a4c8c3c0,0x00000000a6980000)
 Metaspace       used 94539K, capacity 98376K, committed 100864K, reserved 1136640K
  class space    used 12258K, capacity 13001K, committed 13568K, reserved 1048576K
}
Event: 728.376 GC heap before
{Heap before GC invocations=31 (full 4):
 PSYoungGen      total 279040K, used 263520K [0x00000000e0000000, 0x00000000f2200000, 0x0000000100000000)
  eden space 260608K, 100% used [0x00000000e0000000,0x00000000efe80000,0x00000000efe80000)
  from space 18432K, 15% used [0x00000000f1000000,0x00000000f12d8000,0x00000000f2200000)
  to   space 17920K, 0% used [0x00000000efe80000,0x00000000efe80000,0x00000000f1000000)
 ParOldGen       total 108032K, used 78384K [0x00000000a0000000, 0x00000000a6980000, 0x00000000e0000000)
  object space 108032K, 72% used [0x00000000a0000000,0x00000000a4c8c3c0,0x00000000a6980000)
 Metaspace       used 94694K, capacity 98532K, committed 100864K, reserved 1136640K
  class space    used 12258K, capacity 13001K, committed 13568K, reserved 1048576K
Event: 728.406 GC heap after
Heap after GC invocations=31 (full 4):
 PSYoungGen      total 278528K, used 17899K [0x00000000e0000000, 0x00000000f6500000, 0x0000000100000000)
  eden space 260608K, 0% used [0x00000000e0000000,0x00000000e0000000,0x00000000efe80000)
  from space 17920K, 99% used [0x00000000efe80000,0x00000000f0ffae28,0x00000000f1000000)
  to   space 22528K, 0% used [0x00000000f4f00000,0x00000000f4f00000,0x00000000f6500000)
 ParOldGen       total 108032K, used 82106K [0x00000000a0000000, 0x00000000a6980000, 0x00000000e0000000)
  object space 108032K, 76% used [0x00000000a0000000,0x00000000a502ebe0,0x00000000a6980000)
 Metaspace       used 94694K, capacity 98532K, committed 100864K, reserved 1136640K
  class space    used 12258K, capacity 13001K, committed 13568K, reserved 1048576K
}
Event: 729.108 GC heap before
{Heap before GC invocations=32 (full 4):
 PSYoungGen      total 278528K, used 278507K [0x00000000e0000000, 0x00000000f6500000, 0x0000000100000000)
  eden space 260608K, 100% used [0x00000000e0000000,0x00000000efe80000,0x00000000efe80000)
  from space 17920K, 99% used [0x00000000efe80000,0x00000000f0ffae28,0x00000000f1000000)
  to   space 22528K, 0% used [0x00000000f4f00000,0x00000000f4f00000,0x00000000f6500000)
 ParOldGen       total 108032K, used 82106K [0x00000000a0000000, 0x00000000a6980000, 0x00000000e0000000)
  object space 108032K, 76% used [0x00000000a0000000,0x00000000a502ebe0,0x00000000a6980000)
 Metaspace       used 94745K, capacity 98612K, committed 101120K, reserved 1136640K
  class space    used 12260K, capacity 13001K, committed 13568K, reserved 1048576K
Event: 729.166 GC heap after
Heap after GC invocations=32 (full 4):
 PSYoungGen      total 342016K, used 15916K [0x00000000e0000000, 0x00000000f6c80000, 0x0000000100000000)
  eden space 319488K, 0% used [0x00000000e0000000,0x00000000e0000000,0x00000000f3800000)
  from space 22528K, 70% used [0x00000000f4f00000,0x00000000f5e8b250,0x00000000f6500000)
  to   space 23552K, 0% used [0x00000000f3800000,0x00000000f3800000,0x00000000f4f00000)
 ParOldGen       total 108032K, used 97650K [0x00000000a0000000, 0x00000000a6980000, 0x00000000e0000000)
  object space 108032K, 90% used [0x00000000a0000000,0x00000000a5f5caf0,0x00000000a6980000)
 Metaspace       used 94745K, capacity 98612K, committed 101120K, reserved 1136640K
  class space    used 12260K, capacity 13001K, committed 13568K, reserved 1048576K
}
Event: 729.166 GC heap before
{Heap before GC invocations=33 (full 5):
 PSYoungGen      total 342016K, used 15916K [0x00000000e0000000, 0x00000000f6c80000, 0x0000000100000000)
  eden space 319488K, 0% used [0x00000000e0000000,0x00000000e0000000,0x00000000f3800000)
  from space 22528K, 70% used [0x00000000f4f00000,0x00000000f5e8b250,0x00000000f6500000)
  to   space 23552K, 0% used [0x00000000f3800000,0x00000000f3800000,0x00000000f4f00000)
 ParOldGen       total 108032K, used 97650K [0x00000000a0000000, 0x00000000a6980000, 0x00000000e0000000)
  object space 108032K, 90% used [0x00000000a0000000,0x00000000a5f5caf0,0x00000000a6980000)
 Metaspace       used 94745K, capacity 98612K, committed 101120K, reserved 1136640K
  class space    used 12260K, capacity 13001K, committed 13568K, reserved 1048576K
Event: 729.537 GC heap after
Heap after GC invocations=33 (full 5):
 PSYoungGen      total 342016K, used 0K [0x00000000e0000000, 0x00000000f6c80000, 0x0000000100000000)
  eden space 319488K, 0% used [0x00000000e0000000,0x00000000e0000000,0x00000000f3800000)
  from space 22528K, 0% used [0x00000000f4f00000,0x00000000f4f00000,0x00000000f6500000)
  to   space 23552K, 0% used [0x00000000f3800000,0x00000000f3800000,0x00000000f4f00000)
 ParOldGen       total 150528K, used 95024K [0x00000000a0000000, 0x00000000a9300000, 0x00000000e0000000)
  object space 150528K, 63% used [0x00000000a0000000,0x00000000a5ccc300,0x00000000a9300000)
 Metaspace       used 94695K, capacity 98474K, committed 101120K, reserved 1136640K
  class space    used 12245K, capacity 12974K, committed 13568K, reserved 1048576K
}
Event: 730.639 GC heap before
{Heap before GC invocations=34 (full 5):
 PSYoungGen      total 342016K, used 319488K [0x00000000e0000000, 0x00000000f6c80000, 0x0000000100000000)
  eden space 319488K, 100% used [0x00000000e0000000,0x00000000f3800000,0x00000000f3800000)
  from space 22528K, 0% used [0x00000000f4f00000,0x00000000f4f00000,0x00000000f6500000)
  to   space 23552K, 0% used [0x00000000f3800000,0x00000000f3800000,0x00000000f4f00000)
 ParOldGen       total 150528K, used 95024K [0x00000000a0000000, 0x00000000a9300000, 0x00000000e0000000)
  object space 150528K, 63% used [0x00000000a0000000,0x00000000a5ccc300,0x00000000a9300000)
 Metaspace       used 94894K, capacity 98646K, committed 101120K, reserved 1136640K
  class space    used 12261K, capacity 12982K, committed 13568K, reserved 1048576K
Event: 730.654 GC heap after
Heap after GC invocations=34 (full 5):
 PSYoungGen      total 343040K, used 5552K [0x00000000e0000000, 0x00000000fa180000, 0x0000000100000000)
  eden space 319488K, 0% used [0x00000000e0000000,0x00000000e0000000,0x00000000f3800000)
  from space 23552K, 23% used [0x00000000f3800000,0x00000000f3d6c010,0x00000000f4f00000)
  to   space 23040K, 0% used [0x00000000f8b00000,0x00000000f8b00000,0x00000000fa180000)
 ParOldGen       total 150528K, used 95032K [0x00000000a0000000, 0x00000000a9300000, 0x00000000e0000000)
  object space 150528K, 63% used [0x00000000a0000000,0x00000000a5cce300,0x00000000a9300000)
 Metaspace       used 94894K, capacity 98646K, committed 101120K, reserved 1136640K
  class space    used 12261K, capacity 12982K, committed 13568K, reserved 1048576K
}

