# JRE version: OpenJDK Runtime Environment (8.0_212-b04) (build 1.8.0_212-release-1586-b04)
# Java VM: OpenJDK 64-Bit Server VM (25.212-b04 mixed mode windows-amd64 compressed oops)
Heap:
 PSYoungGen      total 213504K, used 167729K [0x00000000e0000000, 0x00000000f1680000, 0x0000000100000000)
  eden space 163328K, 97% used [0x00000000e0000000,0x00000000e9b3e5c8,0x00000000e9f80000)
  from space 50176K, 17% used [0x00000000e9f80000,0x00000000ea80de80,0x00000000ed080000)
  to   space 49152K, 0% used [0x00000000ee680000,0x00000000ee680000,0x00000000f1680000)
 ParOldGen       total 127488K, used 88804K [0x00000000a0000000, 0x00000000a7c80000, 0x00000000e0000000)
  object space 127488K, 69% used [0x00000000a0000000,0x00000000a56b9088,0x00000000a7c80000)
 Metaspace       used 104140K, capacity 109854K, committed 110080K, reserved 1144832K
  class space    used 13666K, capacity 14747K, committed 14848K, reserved 1048576K
GC Heap History (10 events):
Event: 629.948 GC heap before
{Heap before GC invocations=49 (full 4):
 PSYoungGen      total 172032K, used 137891K [0x00000000e0000000, 0x00000000ed780000, 0x0000000100000000)
  eden space 129536K, 100% used [0x00000000e0000000,0x00000000e7e80000,0x00000000e7e80000)
  from space 42496K, 19% used [0x00000000eae00000,0x00000000eb628f10,0x00000000ed780000)
  to   space 45568K, 0% used [0x00000000e7e80000,0x00000000e7e80000,0x00000000eab00000)
 ParOldGen       total 127488K, used 62932K [0x00000000a0000000, 0x00000000a7c80000, 0x00000000e0000000)
  object space 127488K, 49% used [0x00000000a0000000,0x00000000a3d75170,0x00000000a7c80000)
 Metaspace       used 97677K, capacity 102004K, committed 103296K, reserved 1138688K
  class space    used 12823K, capacity 13619K, committed 13952K, reserved 1048576K
Event: 631.287 GC heap after
Heap after GC invocations=49 (full 4):
 PSYoungGen      total 175104K, used 8572K [0x00000000e0000000, 0x00000000ee100000, 0x0000000100000000)
  eden space 129536K, 0% used [0x00000000e0000000,0x00000000e0000000,0x00000000e7e80000)
  from space 45568K, 18% used [0x00000000e7e80000,0x00000000e86df140,0x00000000eab00000)
  to   space 44032K, 0% used [0x00000000eb600000,0x00000000eb600000,0x00000000ee100000)
 ParOldGen       total 127488K, used 64628K [0x00000000a0000000, 0x00000000a7c80000, 0x00000000e0000000)
  object space 127488K, 50% used [0x00000000a0000000,0x00000000a3f1d190,0x00000000a7c80000)
 Metaspace       used 97677K, capacity 102004K, committed 103296K, reserved 1138688K
  class space    used 12823K, capacity 13619K, committed 13952K, reserved 1048576K
}
Event: 748.761 GC heap before
{Heap before GC invocations=50 (full 4):
 PSYoungGen      total 175104K, used 138108K [0x00000000e0000000, 0x00000000ee100000, 0x0000000100000000)
  eden space 129536K, 100% used [0x00000000e0000000,0x00000000e7e80000,0x00000000e7e80000)
  from space 45568K, 18% used [0x00000000e7e80000,0x00000000e86df140,0x00000000eab00000)
  to   space 44032K, 0% used [0x00000000eb600000,0x00000000eb600000,0x00000000ee100000)
 ParOldGen       total 127488K, used 64628K [0x00000000a0000000, 0x00000000a7c80000, 0x00000000e0000000)
  object space 127488K, 50% used [0x00000000a0000000,0x00000000a3f1d190,0x00000000a7c80000)
 Metaspace       used 98156K, capacity 102576K, committed 103808K, reserved 1138688K
  class space    used 12844K, capacity 13637K, committed 13952K, reserved 1048576K
Event: 749.002 GC heap after
Heap after GC invocations=50 (full 4):
 PSYoungGen      total 178176K, used 17198K [0x00000000e0000000, 0x00000000eda80000, 0x0000000100000000)
  eden space 140800K, 0% used [0x00000000e0000000,0x00000000e0000000,0x00000000e8980000)
  from space 37376K, 46% used [0x00000000eb600000,0x00000000ec6cb8c0,0x00000000eda80000)
  to   space 41472K, 0% used [0x00000000e8980000,0x00000000e8980000,0x00000000eb200000)
 ParOldGen       total 127488K, used 64636K [0x00000000a0000000, 0x00000000a7c80000, 0x00000000e0000000)
  object space 127488K, 50% used [0x00000000a0000000,0x00000000a3f1f190,0x00000000a7c80000)
 Metaspace       used 98156K, capacity 102576K, committed 103808K, reserved 1138688K
  class space    used 12844K, capacity 13637K, committed 13952K, reserved 1048576K
}
Event: 754.888 GC heap before
{Heap before GC invocations=51 (full 4):
 PSYoungGen      total 178176K, used 157215K [0x00000000e0000000, 0x00000000eda80000, 0x0000000100000000)
  eden space 140800K, 99% used [0x00000000e0000000,0x00000000e88bc3e0,0x00000000e8980000)
  from space 37376K, 46% used [0x00000000eb600000,0x00000000ec6cb8c0,0x00000000eda80000)
  to   space 41472K, 0% used [0x00000000e8980000,0x00000000e8980000,0x00000000eb200000)
 ParOldGen       total 127488K, used 64636K [0x00000000a0000000, 0x00000000a7c80000, 0x00000000e0000000)
  object space 127488K, 50% used [0x00000000a0000000,0x00000000a3f1f190,0x00000000a7c80000)
 Metaspace       used 98163K, capacity 102576K, committed 103808K, reserved 1138688K
  class space    used 12844K, capacity 13637K, committed 13952K, reserved 1048576K
Event: 755.687 GC heap after
Heap after GC invocations=51 (full 4):
 PSYoungGen      total 182272K, used 41471K [0x00000000e0000000, 0x00000000f0600000, 0x0000000100000000)
  eden space 140800K, 0% used [0x00000000e0000000,0x00000000e0000000,0x00000000e8980000)
  from space 41472K, 99% used [0x00000000e8980000,0x00000000eb1ffd58,0x00000000eb200000)
  to   space 51712K, 0% used [0x00000000ed380000,0x00000000ed380000,0x00000000f0600000)
 ParOldGen       total 127488K, used 72903K [0x00000000a0000000, 0x00000000a7c80000, 0x00000000e0000000)
  object space 127488K, 57% used [0x00000000a0000000,0x00000000a4731c10,0x00000000a7c80000)
 Metaspace       used 98163K, capacity 102576K, committed 103808K, reserved 1138688K
  class space    used 12844K, capacity 13637K, committed 13952K, reserved 1048576K
}
Event: 952.126 GC heap before
{Heap before GC invocations=52 (full 4):
 PSYoungGen      total 182272K, used 182271K [0x00000000e0000000, 0x00000000f0600000, 0x0000000100000000)
  eden space 140800K, 100% used [0x00000000e0000000,0x00000000e8980000,0x00000000e8980000)
  from space 41472K, 99% used [0x00000000e8980000,0x00000000eb1ffd58,0x00000000eb200000)
  to   space 51712K, 0% used [0x00000000ed380000,0x00000000ed380000,0x00000000f0600000)
 ParOldGen       total 127488K, used 72903K [0x00000000a0000000, 0x00000000a7c80000, 0x00000000e0000000)
  object space 127488K, 57% used [0x00000000a0000000,0x00000000a4731c10,0x00000000a7c80000)
 Metaspace       used 100539K, capacity 105406K, committed 106240K, reserved 1140736K
  class space    used 13199K, capacity 14073K, committed 14336K, reserved 1048576K
Event: 953.803 GC heap after
Heap after GC invocations=52 (full 4):
 PSYoungGen      total 210432K, used 24358K [0x00000000e0000000, 0x00000000f0180000, 0x0000000100000000)
  eden space 163328K, 0% used [0x00000000e0000000,0x00000000e0000000,0x00000000e9f80000)
  from space 47104K, 51% used [0x00000000ed380000,0x00000000eeb49800,0x00000000f0180000)
  to   space 50176K, 0% used [0x00000000e9f80000,0x00000000e9f80000,0x00000000ed080000)
 ParOldGen       total 127488K, used 73390K [0x00000000a0000000, 0x00000000a7c80000, 0x00000000e0000000)
  object space 127488K, 57% used [0x00000000a0000000,0x00000000a47ab998,0x00000000a7c80000)
 Metaspace       used 100539K, capacity 105406K, committed 106240K, reserved 1140736K
  class space    used 13199K, capacity 14073K, committed 14336K, reserved 1048576K
}
Event: 2335.272 GC heap before
{Heap before GC invocations=53 (full 4):
 PSYoungGen      total 210432K, used 187686K [0x00000000e0000000, 0x00000000f0180000, 0x0000000100000000)
  eden space 163328K, 100% used [0x00000000e0000000,0x00000000e9f80000,0x00000000e9f80000)
  from space 47104K, 51% used [0x00000000ed380000,0x00000000eeb49800,0x00000000f0180000)
  to   space 50176K, 0% used [0x00000000e9f80000,0x00000000e9f80000,0x00000000ed080000)
 ParOldGen       total 127488K, used 73390K [0x00000000a0000000, 0x00000000a7c80000, 0x00000000e0000000)
  object space 127488K, 57% used [0x00000000a0000000,0x00000000a47ab998,0x00000000a7c80000)
 Metaspace       used 103962K, capacity 109614K, committed 109824K, reserved 1144832K
  class space    used 13661K, capacity 14739K, committed 14848K, reserved 1048576K
Event: 2348.168 GC heap after
Heap after GC invocations=53 (full 4):
 PSYoungGen      total 213504K, used 8759K [0x00000000e0000000, 0x00000000f1680000, 0x0000000100000000)
  eden space 163328K, 0% used [0x00000000e0000000,0x00000000e0000000,0x00000000e9f80000)
  from space 50176K, 17% used [0x00000000e9f80000,0x00000000ea80de80,0x00000000ed080000)
  to   space 49152K, 0% used [0x00000000ee680000,0x00000000ee680000,0x00000000f1680000)
 ParOldGen       total 127488K, used 88804K [0x00000000a0000000, 0x00000000a7c80000, 0x00000000e0000000)
  object space 127488K, 69% used [0x00000000a0000000,0x00000000a56b9088,0x00000000a7c80000)
 Metaspace       used 103962K, capacity 109614K, committed 109824K, reserved 1144832K
  class space    used 13661K, capacity 14739K, committed 14848K, reserved 1048576K
}

