# JRE version: OpenJDK Runtime Environment (8.0_212-b04) (build 1.8.0_212-release-1586-b04)
# Java VM: OpenJDK 64-Bit Server VM (25.212-b04 mixed mode windows-amd64 compressed oops)
Heap:
 PSYoungGen      total 104960K, used 45266K [0x00000000e0000000, 0x00000000e9700000, 0x0000000100000000)
  eden space 68096K, 30% used [0x00000000e0000000,0x00000000e14633e8,0x00000000e4280000)
  from space 36864K, 66% used [0x00000000e4280000,0x00000000e5a51450,0x00000000e6680000)
  to   space 38400K, 0% used [0x00000000e7180000,0x00000000e7180000,0x00000000e9700000)
 ParOldGen       total 171520K, used 85385K [0x00000000a0000000, 0x00000000aa780000, 0x00000000e0000000)
  object space 171520K, 49% used [0x00000000a0000000,0x00000000a5362448,0x00000000aa780000)
 Metaspace       used 74188K, capacity 76930K, committed 77312K, reserved 1116160K
  class space    used 10110K, capacity 10674K, committed 10752K, reserved 1048576K
GC Heap History (10 events):
Event: 49.765 GC heap before
{Heap before GC invocations=35 (full 3):
 PSYoungGen      total 81408K, used 81385K [0x00000000e0000000, 0x00000000e6b80000, 0x0000000100000000)
  eden space 65536K, 100% used [0x00000000e0000000,0x00000000e4000000,0x00000000e4000000)
  from space 15872K, 99% used [0x00000000e4000000,0x00000000e4f7a7d8,0x00000000e4f80000)
  to   space 20480K, 0% used [0x00000000e5780000,0x00000000e5780000,0x00000000e6b80000)
 ParOldGen       total 88576K, used 40538K [0x00000000a0000000, 0x00000000a5680000, 0x00000000e0000000)
  object space 88576K, 45% used [0x00000000a0000000,0x00000000a2796888,0x00000000a5680000)
 Metaspace       used 71008K, capacity 73772K, committed 74112K, reserved 1114112K
  class space    used 9668K, capacity 10251K, committed 10368K, reserved 1048576K
Event: 49.791 GC heap after
Heap after GC invocations=35 (full 3):
 PSYoungGen      total 80384K, used 20451K [0x00000000e0000000, 0x00000000e7f00000, 0x0000000100000000)
  eden space 59904K, 0% used [0x00000000e0000000,0x00000000e0000000,0x00000000e3a80000)
  from space 20480K, 99% used [0x00000000e5780000,0x00000000e6b78d00,0x00000000e6b80000)
  to   space 29696K, 0% used [0x00000000e3a80000,0x00000000e3a80000,0x00000000e5780000)
 ParOldGen       total 88576K, used 56021K [0x00000000a0000000, 0x00000000a5680000, 0x00000000e0000000)
  object space 88576K, 63% used [0x00000000a0000000,0x00000000a36b5710,0x00000000a5680000)
 Metaspace       used 71008K, capacity 73772K, committed 74112K, reserved 1114112K
  class space    used 9668K, capacity 10251K, committed 10368K, reserved 1048576K
}
Event: 50.545 GC heap before
{Heap before GC invocations=36 (full 3):
 PSYoungGen      total 80384K, used 80355K [0x00000000e0000000, 0x00000000e7f00000, 0x0000000100000000)
  eden space 59904K, 100% used [0x00000000e0000000,0x00000000e3a80000,0x00000000e3a80000)
  from space 20480K, 99% used [0x00000000e5780000,0x00000000e6b78d00,0x00000000e6b80000)
  to   space 29696K, 0% used [0x00000000e3a80000,0x00000000e3a80000,0x00000000e5780000)
 ParOldGen       total 88576K, used 56021K [0x00000000a0000000, 0x00000000a5680000, 0x00000000e0000000)
  object space 88576K, 63% used [0x00000000a0000000,0x00000000a36b5710,0x00000000a5680000)
 Metaspace       used 73572K, capacity 76562K, committed 76800K, reserved 1116160K
  class space    used 10077K, capacity 10688K, committed 10752K, reserved 1048576K
Event: 50.586 GC heap after
Heap after GC invocations=36 (full 3):
 PSYoungGen      total 89600K, used 29677K [0x00000000e0000000, 0x00000000e8c00000, 0x0000000100000000)
  eden space 59904K, 0% used [0x00000000e0000000,0x00000000e0000000,0x00000000e3a80000)
  from space 29696K, 99% used [0x00000000e3a80000,0x00000000e577b770,0x00000000e5780000)
  to   space 38400K, 0% used [0x00000000e6680000,0x00000000e6680000,0x00000000e8c00000)
 ParOldGen       total 88576K, used 65734K [0x00000000a0000000, 0x00000000a5680000, 0x00000000e0000000)
  object space 88576K, 74% used [0x00000000a0000000,0x00000000a4031830,0x00000000a5680000)
 Metaspace       used 73572K, capacity 76562K, committed 76800K, reserved 1116160K
  class space    used 10077K, capacity 10688K, committed 10752K, reserved 1048576K
}
Event: 51.349 GC heap before
{Heap before GC invocations=37 (full 3):
 PSYoungGen      total 89600K, used 87165K [0x00000000e0000000, 0x00000000e8c00000, 0x0000000100000000)
  eden space 59904K, 95% used [0x00000000e0000000,0x00000000e3823df0,0x00000000e3a80000)
  from space 29696K, 99% used [0x00000000e3a80000,0x00000000e577b770,0x00000000e5780000)
  to   space 38400K, 0% used [0x00000000e6680000,0x00000000e6680000,0x00000000e8c00000)
 ParOldGen       total 88576K, used 65734K [0x00000000a0000000, 0x00000000a5680000, 0x00000000e0000000)
  object space 88576K, 74% used [0x00000000a0000000,0x00000000a4031830,0x00000000a5680000)
 Metaspace       used 74138K, capacity 77186K, committed 77312K, reserved 1116160K
  class space    used 10139K, capacity 10744K, committed 10752K, reserved 1048576K
Event: 51.398 GC heap after
Heap after GC invocations=37 (full 3):
 PSYoungGen      total 105472K, used 8295K [0x00000000e0000000, 0x00000000e8b00000, 0x0000000100000000)
  eden space 68096K, 0% used [0x00000000e0000000,0x00000000e0000000,0x00000000e4280000)
  from space 37376K, 22% used [0x00000000e6680000,0x00000000e6e99fe8,0x00000000e8b00000)
  to   space 36864K, 0% used [0x00000000e4280000,0x00000000e4280000,0x00000000e6680000)
 ParOldGen       total 95232K, used 94804K [0x00000000a0000000, 0x00000000a5d00000, 0x00000000e0000000)
  object space 95232K, 99% used [0x00000000a0000000,0x00000000a5c95058,0x00000000a5d00000)
 Metaspace       used 74138K, capacity 77186K, committed 77312K, reserved 1116160K
  class space    used 10139K, capacity 10744K, committed 10752K, reserved 1048576K
}
Event: 51.398 GC heap before
{Heap before GC invocations=38 (full 4):
 PSYoungGen      total 105472K, used 8295K [0x00000000e0000000, 0x00000000e8b00000, 0x0000000100000000)
  eden space 68096K, 0% used [0x00000000e0000000,0x00000000e0000000,0x00000000e4280000)
  from space 37376K, 22% used [0x00000000e6680000,0x00000000e6e99fe8,0x00000000e8b00000)
  to   space 36864K, 0% used [0x00000000e4280000,0x00000000e4280000,0x00000000e6680000)
 ParOldGen       total 95232K, used 94804K [0x00000000a0000000, 0x00000000a5d00000, 0x00000000e0000000)
  object space 95232K, 99% used [0x00000000a0000000,0x00000000a5c95058,0x00000000a5d00000)
 Metaspace       used 74138K, capacity 77186K, committed 77312K, reserved 1116160K
  class space    used 10139K, capacity 10744K, committed 10752K, reserved 1048576K
Event: 51.720 GC heap after
Heap after GC invocations=38 (full 4):
 PSYoungGen      total 105472K, used 0K [0x00000000e0000000, 0x00000000e8b00000, 0x0000000100000000)
  eden space 68096K, 0% used [0x00000000e0000000,0x00000000e0000000,0x00000000e4280000)
  from space 37376K, 0% used [0x00000000e6680000,0x00000000e6680000,0x00000000e8b00000)
  to   space 36864K, 0% used [0x00000000e4280000,0x00000000e4280000,0x00000000e6680000)
 ParOldGen       total 171520K, used 85377K [0x00000000a0000000, 0x00000000aa780000, 0x00000000e0000000)
  object space 171520K, 49% used [0x00000000a0000000,0x00000000a5360448,0x00000000aa780000)
 Metaspace       used 73953K, capacity 76656K, committed 77312K, reserved 1116160K
  class space    used 10080K, capacity 10639K, committed 10752K, reserved 1048576K
}
Event: 53.293 GC heap before
{Heap before GC invocations=39 (full 4):
 PSYoungGen      total 105472K, used 68096K [0x00000000e0000000, 0x00000000e8b00000, 0x0000000100000000)
  eden space 68096K, 100% used [0x00000000e0000000,0x00000000e4280000,0x00000000e4280000)
  from space 37376K, 0% used [0x00000000e6680000,0x00000000e6680000,0x00000000e8b00000)
  to   space 36864K, 0% used [0x00000000e4280000,0x00000000e4280000,0x00000000e6680000)
 ParOldGen       total 171520K, used 85377K [0x00000000a0000000, 0x00000000aa780000, 0x00000000e0000000)
  object space 171520K, 49% used [0x00000000a0000000,0x00000000a5360448,0x00000000aa780000)
 Metaspace       used 74186K, capacity 76930K, committed 77312K, reserved 1116160K
  class space    used 10110K, capacity 10674K, committed 10752K, reserved 1048576K
Event: 53.311 GC heap after
Heap after GC invocations=39 (full 4):
 PSYoungGen      total 104960K, used 24389K [0x00000000e0000000, 0x00000000e9700000, 0x0000000100000000)
  eden space 68096K, 0% used [0x00000000e0000000,0x00000000e0000000,0x00000000e4280000)
  from space 36864K, 66% used [0x00000000e4280000,0x00000000e5a51450,0x00000000e6680000)
  to   space 38400K, 0% used [0x00000000e7180000,0x00000000e7180000,0x00000000e9700000)
 ParOldGen       total 171520K, used 85385K [0x00000000a0000000, 0x00000000aa780000, 0x00000000e0000000)
  object space 171520K, 49% used [0x00000000a0000000,0x00000000a5362448,0x00000000aa780000)
 Metaspace       used 74186K, capacity 76930K, committed 77312K, reserved 1116160K
  class space    used 10110K, capacity 10674K, committed 10752K, reserved 1048576K
}

