# JRE version: OpenJDK Runtime Environment (8.0_242-b01) (build 1.8.0_242-release-1644-b01)
# Java VM: OpenJDK 64-Bit Server VM (25.242-b01 mixed mode windows-amd64 compressed oops)
Heap:
 PSYoungGen      total 442368K, used 12360K [0x00000000d5580000, 0x00000000f3480000, 0x0000000100000000)
  eden space 394240K, 2% used [0x00000000d5580000,0x00000000d5d62ee8,0x00000000ed680000)
  from space 48128K, 8% used [0x00000000ed680000,0x00000000edaaf2e0,0x00000000f0580000)
  to   space 45056K, 0% used [0x00000000f0880000,0x00000000f0880000,0x00000000f3480000)
 ParOldGen       total 171008K, used 115621K [0x0000000080000000, 0x000000008a700000, 0x00000000d5580000)
  object space 171008K, 67% used [0x0000000080000000,0x00000000870e97d8,0x000000008a700000)
 Metaspace       used 101544K, capacity 107886K, committed 108120K, reserved 1142784K
  class space    used 13405K, capacity 14585K, committed 14720K, reserved 1048576K
GC Heap History (10 events):
Event: 10862.816 GC heap before
{Heap before GC invocations=40 (full 4):
 PSYoungGen      total 333824K, used 283988K [0x00000000d5580000, 0x00000000f0180000, 0x0000000100000000)
  eden space 278528K, 100% used [0x00000000d5580000,0x00000000e6580000,0x00000000e6580000)
  from space 55296K, 9% used [0x00000000e6580000,0x00000000e6ad5230,0x00000000e9b80000)
  to   space 53760K, 0% used [0x00000000ecd00000,0x00000000ecd00000,0x00000000f0180000)
 ParOldGen       total 171008K, used 89096K [0x0000000080000000, 0x000000008a700000, 0x00000000d5580000)
  object space 171008K, 52% used [0x0000000080000000,0x0000000085702310,0x000000008a700000)
 Metaspace       used 101334K, capacity 107682K, committed 107864K, reserved 1142784K
  class space    used 13402K, capacity 14583K, committed 14720K, reserved 1048576K
Event: 10862.830 GC heap after
Heap after GC invocations=40 (full 4):
 PSYoungGen      total 382464K, used 6154K [0x00000000d5580000, 0x00000000efe80000, 0x0000000100000000)
  eden space 331776K, 0% used [0x00000000d5580000,0x00000000d5580000,0x00000000e9980000)
  from space 50688K, 12% used [0x00000000ecd00000,0x00000000ed302a88,0x00000000efe80000)
  to   space 51712K, 0% used [0x00000000e9980000,0x00000000e9980000,0x00000000ecc00000)
 ParOldGen       total 171008K, used 91367K [0x0000000080000000, 0x000000008a700000, 0x00000000d5580000)
  object space 171008K, 53% used [0x0000000080000000,0x0000000085939c78,0x000000008a700000)
 Metaspace       used 101334K, capacity 107682K, committed 107864K, reserved 1142784K
  class space    used 13402K, capacity 14583K, committed 14720K, reserved 1048576K
}
Event: 10863.480 GC heap before
{Heap before GC invocations=41 (full 4):
 PSYoungGen      total 382464K, used 337930K [0x00000000d5580000, 0x00000000efe80000, 0x0000000100000000)
  eden space 331776K, 100% used [0x00000000d5580000,0x00000000e9980000,0x00000000e9980000)
  from space 50688K, 12% used [0x00000000ecd00000,0x00000000ed302a88,0x00000000efe80000)
  to   space 51712K, 0% used [0x00000000e9980000,0x00000000e9980000,0x00000000ecc00000)
 ParOldGen       total 171008K, used 91367K [0x0000000080000000, 0x000000008a700000, 0x00000000d5580000)
  object space 171008K, 53% used [0x0000000080000000,0x0000000085939c78,0x000000008a700000)
 Metaspace       used 101375K, capacity 107688K, committed 107864K, reserved 1142784K
  class space    used 13404K, capacity 14584K, committed 14720K, reserved 1048576K
Event: 10863.495 GC heap after
Heap after GC invocations=41 (full 4):
 PSYoungGen      total 383488K, used 3488K [0x00000000d5580000, 0x00000000f3980000, 0x0000000100000000)
  eden space 331776K, 0% used [0x00000000d5580000,0x00000000d5580000,0x00000000e9980000)
  from space 51712K, 6% used [0x00000000e9980000,0x00000000e9ce8000,0x00000000ecc00000)
  to   space 50176K, 0% used [0x00000000f0880000,0x00000000f0880000,0x00000000f3980000)
 ParOldGen       total 171008K, used 95106K [0x0000000080000000, 0x000000008a700000, 0x00000000d5580000)
  object space 171008K, 55% used [0x0000000080000000,0x0000000085ce0958,0x000000008a700000)
 Metaspace       used 101375K, capacity 107688K, committed 107864K, reserved 1142784K
  class space    used 13404K, capacity 14584K, committed 14720K, reserved 1048576K
}
Event: 10864.245 GC heap before
{Heap before GC invocations=42 (full 4):
 PSYoungGen      total 383488K, used 335264K [0x00000000d5580000, 0x00000000f3980000, 0x0000000100000000)
  eden space 331776K, 100% used [0x00000000d5580000,0x00000000e9980000,0x00000000e9980000)
  from space 51712K, 6% used [0x00000000e9980000,0x00000000e9ce8000,0x00000000ecc00000)
  to   space 50176K, 0% used [0x00000000f0880000,0x00000000f0880000,0x00000000f3980000)
 ParOldGen       total 171008K, used 95106K [0x0000000080000000, 0x000000008a700000, 0x00000000d5580000)
  object space 171008K, 55% used [0x0000000080000000,0x0000000085ce0958,0x000000008a700000)
 Metaspace       used 101468K, capacity 107820K, committed 108120K, reserved 1142784K
  class space    used 13404K, capacity 14584K, committed 14720K, reserved 1048576K
Event: 10864.259 GC heap after
Heap after GC invocations=42 (full 4):
 PSYoungGen      total 439296K, used 5121K [0x00000000d5580000, 0x00000000f3480000, 0x0000000100000000)
  eden space 394240K, 0% used [0x00000000d5580000,0x00000000d5580000,0x00000000ed680000)
  from space 45056K, 11% used [0x00000000f0880000,0x00000000f0d80780,0x00000000f3480000)
  to   space 48128K, 0% used [0x00000000ed680000,0x00000000ed680000,0x00000000f0580000)
 ParOldGen       total 171008K, used 97247K [0x0000000080000000, 0x000000008a700000, 0x00000000d5580000)
  object space 171008K, 56% used [0x0000000080000000,0x0000000085ef7cd0,0x000000008a700000)
 Metaspace       used 101468K, capacity 107820K, committed 108120K, reserved 1142784K
  class space    used 13404K, capacity 14584K, committed 14720K, reserved 1048576K
}
Event: 10865.379 GC heap before
{Heap before GC invocations=43 (full 4):
 PSYoungGen      total 439296K, used 399361K [0x00000000d5580000, 0x00000000f3480000, 0x0000000100000000)
  eden space 394240K, 100% used [0x00000000d5580000,0x00000000ed680000,0x00000000ed680000)
  from space 45056K, 11% used [0x00000000f0880000,0x00000000f0d80780,0x00000000f3480000)
  to   space 48128K, 0% used [0x00000000ed680000,0x00000000ed680000,0x00000000f0580000)
 ParOldGen       total 171008K, used 97247K [0x0000000080000000, 0x000000008a700000, 0x00000000d5580000)
  object space 171008K, 56% used [0x0000000080000000,0x0000000085ef7cd0,0x000000008a700000)
 Metaspace       used 101491K, capacity 107820K, committed 108120K, reserved 1142784K
  class space    used 13404K, capacity 14584K, committed 14720K, reserved 1048576K
Event: 10865.398 GC heap after
Heap after GC invocations=43 (full 4):
 PSYoungGen      total 442368K, used 12878K [0x00000000d5580000, 0x00000000f3480000, 0x0000000100000000)
  eden space 394240K, 0% used [0x00000000d5580000,0x00000000d5580000,0x00000000ed680000)
  from space 48128K, 26% used [0x00000000ed680000,0x00000000ee313818,0x00000000f0580000)
  to   space 45056K, 0% used [0x00000000f0880000,0x00000000f0880000,0x00000000f3480000)
 ParOldGen       total 171008K, used 101245K [0x0000000080000000, 0x000000008a700000, 0x00000000d5580000)
  object space 171008K, 59% used [0x0000000080000000,0x00000000862df508,0x000000008a700000)
 Metaspace       used 101491K, capacity 107820K, committed 108120K, reserved 1142784K
  class space    used 13404K, capacity 14584K, committed 14720K, reserved 1048576K
}
Event: 10866.332 GC heap before
{Heap before GC invocations=44 (full 4):
 PSYoungGen      total 442368K, used 407118K [0x00000000d5580000, 0x00000000f3480000, 0x0000000100000000)
  eden space 394240K, 100% used [0x00000000d5580000,0x00000000ed680000,0x00000000ed680000)
  from space 48128K, 26% used [0x00000000ed680000,0x00000000ee313818,0x00000000f0580000)
  to   space 45056K, 0% used [0x00000000f0880000,0x00000000f0880000,0x00000000f3480000)
 ParOldGen       total 171008K, used 101245K [0x0000000080000000, 0x000000008a700000, 0x00000000d5580000)
  object space 171008K, 59% used [0x0000000080000000,0x00000000862df508,0x000000008a700000)
 Metaspace       used 101509K, capacity 107822K, committed 108120K, reserved 1142784K
  class space    used 13405K, capacity 14585K, committed 14720K, reserved 1048576K
Event: 10866.352 GC heap after
Heap after GC invocations=44 (full 4):
 PSYoungGen      total 439296K, used 4864K [0x00000000d5580000, 0x00000000f3480000, 0x0000000100000000)
  eden space 394240K, 0% used [0x00000000d5580000,0x00000000d5580000,0x00000000ed680000)
  from space 45056K, 10% used [0x00000000f0880000,0x00000000f0d40000,0x00000000f3480000)
  to   space 48128K, 0% used [0x00000000ed680000,0x00000000ed680000,0x00000000f0580000)
 ParOldGen       total 171008K, used 112657K [0x0000000080000000, 0x000000008a700000, 0x00000000d5580000)
  object space 171008K, 65% used [0x0000000080000000,0x0000000086e047a8,0x000000008a700000)
 Metaspace       used 101509K, capacity 107822K, committed 108120K, reserved 1142784K
  class space    used 13405K, capacity 14585K, committed 14720K, reserved 1048576K
}

