# JRE version: OpenJDK Runtime Environment (8.0_242-b01) (build 1.8.0_242-release-1644-b01)
# Java VM: OpenJDK 64-Bit Server VM (25.242-b01 mixed mode windows-amd64 compressed oops)
Heap:
 PSYoungGen      total 565760K, used 186124K [0x00000000d5580000, 0x00000000fd780000, 0x0000000100000000)
  eden space 478208K, 37% used [0x00000000d5580000,0x00000000e026f910,0x00000000f2880000)
  from space 87552K, 10% used [0x00000000f8200000,0x00000000f8ad5a58,0x00000000fd780000)
  to   space 89600K, 0% used [0x00000000f2880000,0x00000000f2880000,0x00000000f8000000)
 ParOldGen       total 246784K, used 132108K [0x0000000080000000, 0x000000008f100000, 0x00000000d5580000)
  object space 246784K, 53% used [0x0000000080000000,0x00000000881033e8,0x000000008f100000)
 Metaspace       used 113937K, capacity 120242K, committed 120984K, reserved 1155072K
  class space    used 14659K, capacity 15858K, committed 16048K, reserved 1048576K
GC Heap History (10 events):
Event: 3684.499 GC heap before
{Heap before GC invocations=28 (full 4):
 PSYoungGen      total 410624K, used 410608K [0x00000000d5580000, 0x00000000f8c00000, 0x0000000100000000)
  eden space 332288K, 100% used [0x00000000d5580000,0x00000000e9a00000,0x00000000e9a00000)
  from space 78336K, 99% used [0x00000000e9a00000,0x00000000ee67c018,0x00000000ee680000)
  to   space 91648K, 0% used [0x00000000f3280000,0x00000000f3280000,0x00000000f8c00000)
 ParOldGen       total 218624K, used 130905K [0x0000000080000000, 0x000000008d580000, 0x00000000d5580000)
  object space 218624K, 59% used [0x0000000080000000,0x0000000087fd6548,0x000000008d580000)
 Metaspace       used 113985K, capacity 120614K, committed 120728K, reserved 1155072K
  class space    used 14729K, capacity 15990K, committed 16048K, reserved 1048576K
Event: 3684.607 GC heap after
Heap after GC invocations=28 (full 4):
 PSYoungGen      total 486400K, used 56661K [0x00000000d5580000, 0x00000000faa00000, 0x0000000100000000)
  eden space 394752K, 0% used [0x00000000d5580000,0x00000000d5580000,0x00000000ed700000)
  from space 91648K, 61% used [0x00000000f3280000,0x00000000f69d57a8,0x00000000f8c00000)
  to   space 93696K, 0% used [0x00000000ed700000,0x00000000ed700000,0x00000000f3280000)
 ParOldGen       total 218624K, used 149815K [0x0000000080000000, 0x000000008d580000, 0x00000000d5580000)
  object space 218624K, 68% used [0x0000000080000000,0x000000008924dde8,0x000000008d580000)
 Metaspace       used 113985K, capacity 120614K, committed 120728K, reserved 1155072K
  class space    used 14729K, capacity 15990K, committed 16048K, reserved 1048576K
}
Event: 3685.316 GC heap before
{Heap before GC invocations=29 (full 4):
 PSYoungGen      total 486400K, used 451413K [0x00000000d5580000, 0x00000000faa00000, 0x0000000100000000)
  eden space 394752K, 100% used [0x00000000d5580000,0x00000000ed700000,0x00000000ed700000)
  from space 91648K, 61% used [0x00000000f3280000,0x00000000f69d57a8,0x00000000f8c00000)
  to   space 93696K, 0% used [0x00000000ed700000,0x00000000ed700000,0x00000000f3280000)
 ParOldGen       total 218624K, used 149815K [0x0000000080000000, 0x000000008d580000, 0x00000000d5580000)
  object space 218624K, 68% used [0x0000000080000000,0x000000008924dde8,0x000000008d580000)
 Metaspace       used 114096K, capacity 120770K, committed 120984K, reserved 1155072K
  class space    used 14734K, capacity 15994K, committed 16048K, reserved 1048576K
Event: 3685.370 GC heap after
Heap after GC invocations=29 (full 4):
 PSYoungGen      total 488448K, used 18631K [0x00000000d5580000, 0x00000000fdb80000, 0x0000000100000000)
  eden space 394752K, 0% used [0x00000000d5580000,0x00000000d5580000,0x00000000ed700000)
  from space 93696K, 19% used [0x00000000ed700000,0x00000000ee931c28,0x00000000f3280000)
  to   space 91648K, 0% used [0x00000000f8200000,0x00000000f8200000,0x00000000fdb80000)
 ParOldGen       total 218624K, used 184222K [0x0000000080000000, 0x000000008d580000, 0x00000000d5580000)
  object space 218624K, 84% used [0x0000000080000000,0x000000008b3e7a58,0x000000008d580000)
 Metaspace       used 114096K, capacity 120770K, committed 120984K, reserved 1155072K
  class space    used 14734K, capacity 15994K, committed 16048K, reserved 1048576K
}
Event: 3685.990 GC heap before
{Heap before GC invocations=30 (full 4):
 PSYoungGen      total 488448K, used 413383K [0x00000000d5580000, 0x00000000fdb80000, 0x0000000100000000)
  eden space 394752K, 100% used [0x00000000d5580000,0x00000000ed700000,0x00000000ed700000)
  from space 93696K, 19% used [0x00000000ed700000,0x00000000ee931c28,0x00000000f3280000)
  to   space 91648K, 0% used [0x00000000f8200000,0x00000000f8200000,0x00000000fdb80000)
 ParOldGen       total 218624K, used 184222K [0x0000000080000000, 0x000000008d580000, 0x00000000d5580000)
  object space 218624K, 84% used [0x0000000080000000,0x000000008b3e7a58,0x000000008d580000)
 Metaspace       used 114149K, capacity 120840K, committed 120984K, reserved 1155072K
  class space    used 14734K, capacity 15995K, committed 16048K, reserved 1048576K
Event: 3686.028 GC heap after
Heap after GC invocations=30 (full 4):
 PSYoungGen      total 565760K, used 12969K [0x00000000d5580000, 0x00000000fd780000, 0x0000000100000000)
  eden space 478208K, 0% used [0x00000000d5580000,0x00000000d5580000,0x00000000f2880000)
  from space 87552K, 14% used [0x00000000f8200000,0x00000000f8eaa750,0x00000000fd780000)
  to   space 89600K, 0% used [0x00000000f2880000,0x00000000f2880000,0x00000000f8000000)
 ParOldGen       total 218624K, used 196891K [0x0000000080000000, 0x000000008d580000, 0x00000000d5580000)
  object space 218624K, 90% used [0x0000000080000000,0x000000008c046f48,0x000000008d580000)
 Metaspace       used 114149K, capacity 120840K, committed 120984K, reserved 1155072K
  class space    used 14734K, capacity 15995K, committed 16048K, reserved 1048576K
}
Event: 3686.028 GC heap before
{Heap before GC invocations=31 (full 5):
 PSYoungGen      total 565760K, used 12969K [0x00000000d5580000, 0x00000000fd780000, 0x0000000100000000)
  eden space 478208K, 0% used [0x00000000d5580000,0x00000000d5580000,0x00000000f2880000)
  from space 87552K, 14% used [0x00000000f8200000,0x00000000f8eaa750,0x00000000fd780000)
  to   space 89600K, 0% used [0x00000000f2880000,0x00000000f2880000,0x00000000f8000000)
 ParOldGen       total 218624K, used 196891K [0x0000000080000000, 0x000000008d580000, 0x00000000d5580000)
  object space 218624K, 90% used [0x0000000080000000,0x000000008c046f48,0x000000008d580000)
 Metaspace       used 114149K, capacity 120840K, committed 120984K, reserved 1155072K
  class space    used 14734K, capacity 15995K, committed 16048K, reserved 1048576K
Event: 3686.401 GC heap after
Heap after GC invocations=31 (full 5):
 PSYoungGen      total 565760K, used 0K [0x00000000d5580000, 0x00000000fd780000, 0x0000000100000000)
  eden space 478208K, 0% used [0x00000000d5580000,0x00000000d5580000,0x00000000f2880000)
  from space 87552K, 0% used [0x00000000f8200000,0x00000000f8200000,0x00000000fd780000)
  to   space 89600K, 0% used [0x00000000f2880000,0x00000000f2880000,0x00000000f8000000)
 ParOldGen       total 246784K, used 117575K [0x0000000080000000, 0x000000008f100000, 0x00000000d5580000)
  object space 246784K, 47% used [0x0000000080000000,0x00000000872d1e10,0x000000008f100000)
 Metaspace       used 113851K, capacity 120130K, committed 120984K, reserved 1155072K
  class space    used 14652K, capacity 15850K, committed 16048K, reserved 1048576K
}
Event: 3687.231 GC heap before
{Heap before GC invocations=32 (full 5):
 PSYoungGen      total 565760K, used 478208K [0x00000000d5580000, 0x00000000fd780000, 0x0000000100000000)
  eden space 478208K, 100% used [0x00000000d5580000,0x00000000f2880000,0x00000000f2880000)
  from space 87552K, 0% used [0x00000000f8200000,0x00000000f8200000,0x00000000fd780000)
  to   space 89600K, 0% used [0x00000000f2880000,0x00000000f2880000,0x00000000f8000000)
 ParOldGen       total 246784K, used 117575K [0x0000000080000000, 0x000000008f100000, 0x00000000d5580000)
  object space 246784K, 47% used [0x0000000080000000,0x00000000872d1e10,0x000000008f100000)
 Metaspace       used 113893K, capacity 120138K, committed 120984K, reserved 1155072K
  class space    used 14654K, capacity 15852K, committed 16048K, reserved 1048576K
Event: 3687.249 GC heap after
Heap after GC invocations=32 (full 5):
 PSYoungGen      total 567808K, used 17273K [0x00000000d5580000, 0x00000000fd780000, 0x0000000100000000)
  eden space 478208K, 0% used [0x00000000d5580000,0x00000000d5580000,0x00000000f2880000)
  from space 89600K, 19% used [0x00000000f2880000,0x00000000f395e540,0x00000000f8000000)
  to   space 87552K, 0% used [0x00000000f8200000,0x00000000f8200000,0x00000000fd780000)
 ParOldGen       total 246784K, used 117583K [0x0000000080000000, 0x000000008f100000, 0x00000000d5580000)
  object space 246784K, 47% used [0x0000000080000000,0x00000000872d3e10,0x000000008f100000)
 Metaspace       used 113893K, capacity 120138K, committed 120984K, reserved 1155072K
  class space    used 14654K, capacity 15852K, committed 16048K, reserved 1048576K
}

