# JRE version: OpenJDK Runtime Environment (8.0_212-b04) (build 1.8.0_212-release-1586-b04)
# Java VM: OpenJDK 64-Bit Server VM (25.212-b04 mixed mode windows-amd64 compressed oops)
Heap:
 PSYoungGen      total 162304K, used 126816K [0x00000000e0000000, 0x00000000eb780000, 0x0000000100000000)
  eden space 149504K, 76% used [0x00000000e0000000,0x00000000e6f68c90,0x00000000e9200000)
  from space 12800K, 99% used [0x00000000eab00000,0x00000000eb76f418,0x00000000eb780000)
  to   space 16384K, 0% used [0x00000000e9780000,0x00000000e9780000,0x00000000ea780000)
 ParOldGen       total 79872K, used 31847K [0x00000000a0000000, 0x00000000a4e00000, 0x00000000e0000000)
  object space 79872K, 39% used [0x00000000a0000000,0x00000000a1f19d48,0x00000000a4e00000)
 Metaspace       used 72330K, capacity 75608K, committed 75800K, reserved 1114112K
  class space    used 10108K, capacity 10751K, committed 10776K, reserved 1048576K
GC Heap History (10 events):
Event: 8.826 GC heap before
{Heap before GC invocations=17 (full 2):
 PSYoungGen      total 115712K, used 108544K [0x00000000e0000000, 0x00000000e7c00000, 0x0000000100000000)
  eden space 108544K, 100% used [0x00000000e0000000,0x00000000e6a00000,0x00000000e6a00000)
  from space 7168K, 0% used [0x00000000e7180000,0x00000000e7180000,0x00000000e7880000)
  to   space 7680K, 0% used [0x00000000e6a00000,0x00000000e6a00000,0x00000000e7180000)
 ParOldGen       total 49664K, used 18066K [0x00000000a0000000, 0x00000000a3080000, 0x00000000e0000000)
  object space 49664K, 36% used [0x00000000a0000000,0x00000000a11a4b90,0x00000000a3080000)
 Metaspace       used 45281K, capacity 46334K, committed 46632K, reserved 1089536K
  class space    used 6087K, capacity 6351K, committed 6440K, reserved 1048576K
Event: 8.837 GC heap after
Heap after GC invocations=17 (full 2):
 PSYoungGen      total 116224K, used 7672K [0x00000000e0000000, 0x00000000e9e80000, 0x0000000100000000)
  eden space 108544K, 0% used [0x00000000e0000000,0x00000000e0000000,0x00000000e6a00000)
  from space 7680K, 99% used [0x00000000e6a00000,0x00000000e717e130,0x00000000e7180000)
  to   space 11264K, 0% used [0x00000000e9380000,0x00000000e9380000,0x00000000e9e80000)
 ParOldGen       total 49664K, used 25111K [0x00000000a0000000, 0x00000000a3080000, 0x00000000e0000000)
  object space 49664K, 50% used [0x00000000a0000000,0x00000000a1885d70,0x00000000a3080000)
 Metaspace       used 45281K, capacity 46334K, committed 46632K, reserved 1089536K
  class space    used 6087K, capacity 6351K, committed 6440K, reserved 1048576K
}
Event: 10.248 GC heap before
{Heap before GC invocations=18 (full 2):
 PSYoungGen      total 116224K, used 116216K [0x00000000e0000000, 0x00000000e9e80000, 0x0000000100000000)
  eden space 108544K, 100% used [0x00000000e0000000,0x00000000e6a00000,0x00000000e6a00000)
  from space 7680K, 99% used [0x00000000e6a00000,0x00000000e717e130,0x00000000e7180000)
  to   space 11264K, 0% used [0x00000000e9380000,0x00000000e9380000,0x00000000e9e80000)
 ParOldGen       total 49664K, used 25111K [0x00000000a0000000, 0x00000000a3080000, 0x00000000e0000000)
  object space 49664K, 50% used [0x00000000a0000000,0x00000000a1885d70,0x00000000a3080000)
 Metaspace       used 54716K, capacity 56404K, committed 56616K, reserved 1097728K
  class space    used 7534K, capacity 7913K, committed 7976K, reserved 1048576K
Event: 10.265 GC heap after
Heap after GC invocations=18 (full 2):
 PSYoungGen      total 146432K, used 11263K [0x00000000e0000000, 0x00000000ea600000, 0x0000000100000000)
  eden space 135168K, 0% used [0x00000000e0000000,0x00000000e0000000,0x00000000e8400000)
  from space 11264K, 99% used [0x00000000e9380000,0x00000000e9e7fe18,0x00000000e9e80000)
  to   space 15872K, 0% used [0x00000000e8400000,0x00000000e8400000,0x00000000e9380000)
 ParOldGen       total 49664K, used 32266K [0x00000000a0000000, 0x00000000a3080000, 0x00000000e0000000)
  object space 49664K, 64% used [0x00000000a0000000,0x00000000a1f82948,0x00000000a3080000)
 Metaspace       used 54716K, capacity 56404K, committed 56616K, reserved 1097728K
  class space    used 7534K, capacity 7913K, committed 7976K, reserved 1048576K
}
Event: 10.854 GC heap before
{Heap before GC invocations=19 (full 2):
 PSYoungGen      total 146432K, used 55768K [0x00000000e0000000, 0x00000000ea600000, 0x0000000100000000)
  eden space 135168K, 32% used [0x00000000e0000000,0x00000000e2b76468,0x00000000e8400000)
  from space 11264K, 99% used [0x00000000e9380000,0x00000000e9e7fe18,0x00000000e9e80000)
  to   space 15872K, 0% used [0x00000000e8400000,0x00000000e8400000,0x00000000e9380000)
 ParOldGen       total 49664K, used 32266K [0x00000000a0000000, 0x00000000a3080000, 0x00000000e0000000)
  object space 49664K, 64% used [0x00000000a0000000,0x00000000a1f82948,0x00000000a3080000)
 Metaspace       used 56975K, capacity 59024K, committed 59160K, reserved 1099776K
  class space    used 7891K, capacity 8389K, committed 8472K, reserved 1048576K
Event: 10.866 GC heap after
Heap after GC invocations=19 (full 2):
 PSYoungGen      total 151040K, used 5330K [0x00000000e0000000, 0x00000000eb980000, 0x0000000100000000)
  eden space 135168K, 0% used [0x00000000e0000000,0x00000000e0000000,0x00000000e8400000)
  from space 15872K, 33% used [0x00000000e8400000,0x00000000e8934a28,0x00000000e9380000)
  to   space 14848K, 0% used [0x00000000eab00000,0x00000000eab00000,0x00000000eb980000)
 ParOldGen       total 49664K, used 38168K [0x00000000a0000000, 0x00000000a3080000, 0x00000000e0000000)
  object space 49664K, 76% used [0x00000000a0000000,0x00000000a2546128,0x00000000a3080000)
 Metaspace       used 56975K, capacity 59024K, committed 59160K, reserved 1099776K
  class space    used 7891K, capacity 8389K, committed 8472K, reserved 1048576K
}
Event: 10.866 GC heap before
{Heap before GC invocations=20 (full 3):
 PSYoungGen      total 151040K, used 5330K [0x00000000e0000000, 0x00000000eb980000, 0x0000000100000000)
  eden space 135168K, 0% used [0x00000000e0000000,0x00000000e0000000,0x00000000e8400000)
  from space 15872K, 33% used [0x00000000e8400000,0x00000000e8934a28,0x00000000e9380000)
  to   space 14848K, 0% used [0x00000000eab00000,0x00000000eab00000,0x00000000eb980000)
 ParOldGen       total 49664K, used 38168K [0x00000000a0000000, 0x00000000a3080000, 0x00000000e0000000)
  object space 49664K, 76% used [0x00000000a0000000,0x00000000a2546128,0x00000000a3080000)
 Metaspace       used 56975K, capacity 59024K, committed 59160K, reserved 1099776K
  class space    used 7891K, capacity 8389K, committed 8472K, reserved 1048576K
Event: 11.194 GC heap after
Heap after GC invocations=20 (full 3):
 PSYoungGen      total 151040K, used 0K [0x00000000e0000000, 0x00000000eb980000, 0x0000000100000000)
  eden space 135168K, 0% used [0x00000000e0000000,0x00000000e0000000,0x00000000e8400000)
  from space 15872K, 0% used [0x00000000e8400000,0x00000000e8400000,0x00000000e9380000)
  to   space 14848K, 0% used [0x00000000eab00000,0x00000000eab00000,0x00000000eb980000)
 ParOldGen       total 79872K, used 31839K [0x00000000a0000000, 0x00000000a4e00000, 0x00000000e0000000)
  object space 79872K, 39% used [0x00000000a0000000,0x00000000a1f17d48,0x00000000a4e00000)
 Metaspace       used 56870K, capacity 58720K, committed 59160K, reserved 1099776K
  class space    used 7859K, capacity 8333K, committed 8472K, reserved 1048576K
}
Event: 13.089 GC heap before
{Heap before GC invocations=21 (full 3):
 PSYoungGen      total 151040K, used 135168K [0x00000000e0000000, 0x00000000eb980000, 0x0000000100000000)
  eden space 135168K, 100% used [0x00000000e0000000,0x00000000e8400000,0x00000000e8400000)
  from space 15872K, 0% used [0x00000000e8400000,0x00000000e8400000,0x00000000e9380000)
  to   space 14848K, 0% used [0x00000000eab00000,0x00000000eab00000,0x00000000eb980000)
 ParOldGen       total 79872K, used 31839K [0x00000000a0000000, 0x00000000a4e00000, 0x00000000e0000000)
  object space 79872K, 39% used [0x00000000a0000000,0x00000000a1f17d48,0x00000000a4e00000)
 Metaspace       used 64231K, capacity 66836K, committed 67096K, reserved 1107968K
  class space    used 8861K, capacity 9463K, committed 9496K, reserved 1048576K
Event: 13.109 GC heap after
Heap after GC invocations=21 (full 3):
 PSYoungGen      total 162304K, used 12733K [0x00000000e0000000, 0x00000000eb780000, 0x0000000100000000)
  eden space 149504K, 0% used [0x00000000e0000000,0x00000000e0000000,0x00000000e9200000)
  from space 12800K, 99% used [0x00000000eab00000,0x00000000eb76f418,0x00000000eb780000)
  to   space 16384K, 0% used [0x00000000e9780000,0x00000000e9780000,0x00000000ea780000)
 ParOldGen       total 79872K, used 31847K [0x00000000a0000000, 0x00000000a4e00000, 0x00000000e0000000)
  object space 79872K, 39% used [0x00000000a0000000,0x00000000a1f19d48,0x00000000a4e00000)
 Metaspace       used 64231K, capacity 66836K, committed 67096K, reserved 1107968K
  class space    used 8861K, capacity 9463K, committed 9496K, reserved 1048576K
}

