# JRE version: OpenJDK Runtime Environment (8.0_212-b04) (build 1.8.0_212-release-1586-b04)
# Java VM: OpenJDK 64-Bit Server VM (25.212-b04 mixed mode windows-amd64 compressed oops)
Heap:
 PSYoungGen      total 80896K, used 75541K [0x00000000e0000000, 0x00000000e6000000, 0x0000000100000000)
  eden space 65536K, 100% used [0x00000000e0000000,0x00000000e4000000,0x00000000e4000000)
  from space 15360K, 65% used [0x00000000e5100000,0x00000000e5ac5728,0x00000000e6000000)
  to   space 16384K, 99% used [0x00000000e4000000,0x00000000e4ffd9d8,0x00000000e5000000)
 ParOldGen       total 104960K, used 70033K [0x00000000a0000000, 0x00000000a6680000, 0x00000000e0000000)
  object space 104960K, 66% used [0x00000000a0000000,0x00000000a4464518,0x00000000a6680000)
 Metaspace       used 97807K, capacity 103384K, committed 103448K, reserved 1138688K
  class space    used 12998K, capacity 14092K, committed 14104K, reserved 1048576K
GC Heap History (10 events):
Event: 1546.331 GC heap before
{Heap before GC invocations=56 (full 4):
 PSYoungGen      total 62976K, used 60574K [0x00000000e0000000, 0x00000000e5180000, 0x0000000100000000)
  eden space 48128K, 100% used [0x00000000e0000000,0x00000000e2f00000,0x00000000e2f00000)
  from space 14848K, 83% used [0x00000000e2f00000,0x00000000e3b27850,0x00000000e3d80000)
  to   space 16384K, 0% used [0x00000000e4180000,0x00000000e4180000,0x00000000e5180000)
 ParOldGen       total 104960K, used 52971K [0x00000000a0000000, 0x00000000a6680000, 0x00000000e0000000)
  object space 104960K, 50% used [0x00000000a0000000,0x00000000a33bac10,0x00000000a6680000)
 Metaspace       used 83799K, capacity 87378K, committed 87576K, reserved 1124352K
  class space    used 10912K, capacity 11697K, committed 11800K, reserved 1048576K
Event: 1546.339 GC heap after
Heap after GC invocations=56 (full 4):
 PSYoungGen      total 67584K, used 9594K [0x00000000e0000000, 0x00000000e5300000, 0x0000000100000000)
  eden space 51200K, 0% used [0x00000000e0000000,0x00000000e0000000,0x00000000e3200000)
  from space 16384K, 58% used [0x00000000e4180000,0x00000000e4ade818,0x00000000e5180000)
  to   space 15872K, 0% used [0x00000000e3200000,0x00000000e3200000,0x00000000e4180000)
 ParOldGen       total 104960K, used 52971K [0x00000000a0000000, 0x00000000a6680000, 0x00000000e0000000)
  object space 104960K, 50% used [0x00000000a0000000,0x00000000a33bac10,0x00000000a6680000)
 Metaspace       used 83799K, capacity 87378K, committed 87576K, reserved 1124352K
  class space    used 10912K, capacity 11697K, committed 11800K, reserved 1048576K
}
Event: 1546.556 GC heap before
{Heap before GC invocations=57 (full 4):
 PSYoungGen      total 67584K, used 60794K [0x00000000e0000000, 0x00000000e5300000, 0x0000000100000000)
  eden space 51200K, 100% used [0x00000000e0000000,0x00000000e3200000,0x00000000e3200000)
  from space 16384K, 58% used [0x00000000e4180000,0x00000000e4ade818,0x00000000e5180000)
  to   space 15872K, 0% used [0x00000000e3200000,0x00000000e3200000,0x00000000e4180000)
 ParOldGen       total 104960K, used 52971K [0x00000000a0000000, 0x00000000a6680000, 0x00000000e0000000)
  object space 104960K, 50% used [0x00000000a0000000,0x00000000a33bac10,0x00000000a6680000)
 Metaspace       used 83802K, capacity 87378K, committed 87576K, reserved 1124352K
  class space    used 10912K, capacity 11697K, committed 11800K, reserved 1048576K
Event: 1546.569 GC heap after
Heap after GC invocations=57 (full 4):
 PSYoungGen      total 67072K, used 9817K [0x00000000e0000000, 0x00000000e5880000, 0x0000000100000000)
  eden space 51200K, 0% used [0x00000000e0000000,0x00000000e0000000,0x00000000e3200000)
  from space 15872K, 61% used [0x00000000e3200000,0x00000000e3b967f8,0x00000000e4180000)
  to   space 15872K, 0% used [0x00000000e4900000,0x00000000e4900000,0x00000000e5880000)
 ParOldGen       total 104960K, used 52971K [0x00000000a0000000, 0x00000000a6680000, 0x00000000e0000000)
  object space 104960K, 50% used [0x00000000a0000000,0x00000000a33bac10,0x00000000a6680000)
 Metaspace       used 83802K, capacity 87378K, committed 87576K, reserved 1124352K
  class space    used 10912K, capacity 11697K, committed 11800K, reserved 1048576K
}
Event: 1549.749 GC heap before
{Heap before GC invocations=58 (full 4):
 PSYoungGen      total 67072K, used 61017K [0x00000000e0000000, 0x00000000e5880000, 0x0000000100000000)
  eden space 51200K, 100% used [0x00000000e0000000,0x00000000e3200000,0x00000000e3200000)
  from space 15872K, 61% used [0x00000000e3200000,0x00000000e3b967f8,0x00000000e4180000)
  to   space 15872K, 0% used [0x00000000e4900000,0x00000000e4900000,0x00000000e5880000)
 ParOldGen       total 104960K, used 52971K [0x00000000a0000000, 0x00000000a6680000, 0x00000000e0000000)
  object space 104960K, 50% used [0x00000000a0000000,0x00000000a33bac10,0x00000000a6680000)
 Metaspace       used 87647K, capacity 91246K, committed 91416K, reserved 1128448K
  class space    used 11429K, capacity 12219K, committed 12312K, reserved 1048576K
Event: 1549.761 GC heap after
Heap after GC invocations=58 (full 4):
 PSYoungGen      total 74240K, used 11626K [0x00000000e0000000, 0x00000000e5900000, 0x0000000100000000)
  eden space 58368K, 0% used [0x00000000e0000000,0x00000000e0000000,0x00000000e3900000)
  from space 15872K, 73% used [0x00000000e4900000,0x00000000e545ab90,0x00000000e5880000)
  to   space 16384K, 0% used [0x00000000e3900000,0x00000000e3900000,0x00000000e4900000)
 ParOldGen       total 104960K, used 54531K [0x00000000a0000000, 0x00000000a6680000, 0x00000000e0000000)
  object space 104960K, 51% used [0x00000000a0000000,0x00000000a3540d50,0x00000000a6680000)
 Metaspace       used 87647K, capacity 91246K, committed 91416K, reserved 1128448K
  class space    used 11429K, capacity 12219K, committed 12312K, reserved 1048576K
}
Event: 1553.469 GC heap before
{Heap before GC invocations=59 (full 4):
 PSYoungGen      total 74240K, used 69994K [0x00000000e0000000, 0x00000000e5900000, 0x0000000100000000)
  eden space 58368K, 100% used [0x00000000e0000000,0x00000000e3900000,0x00000000e3900000)
  from space 15872K, 73% used [0x00000000e4900000,0x00000000e545ab90,0x00000000e5880000)
  to   space 16384K, 0% used [0x00000000e3900000,0x00000000e3900000,0x00000000e4900000)
 ParOldGen       total 104960K, used 54531K [0x00000000a0000000, 0x00000000a6680000, 0x00000000e0000000)
  object space 104960K, 51% used [0x00000000a0000000,0x00000000a3540d50,0x00000000a6680000)
 Metaspace       used 91564K, capacity 95668K, committed 95896K, reserved 1132544K
  class space    used 11984K, capacity 12860K, committed 12952K, reserved 1048576K
Event: 1553.489 GC heap after
Heap after GC invocations=59 (full 4):
 PSYoungGen      total 74752K, used 10884K [0x00000000e0000000, 0x00000000e6180000, 0x0000000100000000)
  eden space 58368K, 0% used [0x00000000e0000000,0x00000000e0000000,0x00000000e3900000)
  from space 16384K, 66% used [0x00000000e3900000,0x00000000e43a1160,0x00000000e4900000)
  to   space 16896K, 0% used [0x00000000e5100000,0x00000000e5100000,0x00000000e6180000)
 ParOldGen       total 104960K, used 61196K [0x00000000a0000000, 0x00000000a6680000, 0x00000000e0000000)
  object space 104960K, 58% used [0x00000000a0000000,0x00000000a3bc3130,0x00000000a6680000)
 Metaspace       used 91564K, capacity 95668K, committed 95896K, reserved 1132544K
  class space    used 11984K, capacity 12860K, committed 12952K, reserved 1048576K
}
Event: 1556.970 GC heap before
{Heap before GC invocations=60 (full 4):
 PSYoungGen      total 74752K, used 69252K [0x00000000e0000000, 0x00000000e6180000, 0x0000000100000000)
  eden space 58368K, 100% used [0x00000000e0000000,0x00000000e3900000,0x00000000e3900000)
  from space 16384K, 66% used [0x00000000e3900000,0x00000000e43a1160,0x00000000e4900000)
  to   space 16896K, 0% used [0x00000000e5100000,0x00000000e5100000,0x00000000e6180000)
 ParOldGen       total 104960K, used 61196K [0x00000000a0000000, 0x00000000a6680000, 0x00000000e0000000)
  object space 104960K, 58% used [0x00000000a0000000,0x00000000a3bc3130,0x00000000a6680000)
 Metaspace       used 96741K, capacity 102218K, committed 102552K, reserved 1138688K
  class space    used 12826K, capacity 13905K, committed 13976K, reserved 1048576K
Event: 1556.993 GC heap after
Heap after GC invocations=60 (full 4):
 PSYoungGen      total 80896K, used 10005K [0x00000000e0000000, 0x00000000e6000000, 0x0000000100000000)
  eden space 65536K, 0% used [0x00000000e0000000,0x00000000e0000000,0x00000000e4000000)
  from space 15360K, 65% used [0x00000000e5100000,0x00000000e5ac5728,0x00000000e6000000)
  to   space 16384K, 0% used [0x00000000e4000000,0x00000000e4000000,0x00000000e5000000)
 ParOldGen       total 104960K, used 61825K [0x00000000a0000000, 0x00000000a6680000, 0x00000000e0000000)
  object space 104960K, 58% used [0x00000000a0000000,0x00000000a3c605c0,0x00000000a6680000)
 Metaspace       used 96741K, capacity 102218K, committed 102552K, reserved 1138688K
  class space    used 12826K, capacity 13905K, committed 13976K, reserved 1048576K
}

