# JRE version: OpenJDK Runtime Environment (8.0_212-b04) (build 1.8.0_212-release-1586-b04)
# Java VM: OpenJDK 64-Bit Server VM (25.212-b04 mixed mode windows-amd64 compressed oops)
Heap:
 PSYoungGen      total 90624K, used 34957K [0x00000000e0000000, 0x00000000e7100000, 0x0000000100000000)
  eden space 70144K, 27% used [0x00000000e0000000,0x00000000e12eb740,0x00000000e4480000)
  from space 20480K, 76% used [0x00000000e5a00000,0x00000000e6937eb0,0x00000000e6e00000)
  to   space 22016K, 0% used [0x00000000e4480000,0x00000000e4480000,0x00000000e5a00000)
 ParOldGen       total 111104K, used 46758K [0x00000000a0000000, 0x00000000a6c80000, 0x00000000e0000000)
  object space 111104K, 42% used [0x00000000a0000000,0x00000000a2da9bb0,0x00000000a6c80000)
 Metaspace       used 79273K, capacity 82810K, committed 83032K, reserved 1120256K
  class space    used 10873K, capacity 11574K, committed 11608K, reserved 1048576K
GC Heap History (10 events):
Event: 30.734 GC heap before
{Heap before GC invocations=42 (full 3):
 PSYoungGen      total 74240K, used 72662K [0x00000000e0000000, 0x00000000e6680000, 0x0000000100000000)
  eden space 54272K, 100% used [0x00000000e0000000,0x00000000e3500000,0x00000000e3500000)
  from space 19968K, 92% used [0x00000000e4b80000,0x00000000e5d75ab8,0x00000000e5f00000)
  to   space 23040K, 0% used [0x00000000e3500000,0x00000000e3500000,0x00000000e4b80000)
 ParOldGen       total 80384K, used 51108K [0x00000000a0000000, 0x00000000a4e80000, 0x00000000e0000000)
  object space 80384K, 63% used [0x00000000a0000000,0x00000000a31e9228,0x00000000a4e80000)
 Metaspace       used 69868K, capacity 73111K, committed 73432K, reserved 1112064K
  class space    used 9706K, capacity 10345K, committed 10456K, reserved 1048576K
Event: 30.762 GC heap after
Heap after GC invocations=42 (full 3):
 PSYoungGen      total 77312K, used 10476K [0x00000000e0000000, 0x00000000e6980000, 0x0000000100000000)
  eden space 54272K, 0% used [0x00000000e0000000,0x00000000e0000000,0x00000000e3500000)
  from space 23040K, 45% used [0x00000000e3500000,0x00000000e3f3b100,0x00000000e4b80000)
  to   space 22016K, 0% used [0x00000000e5400000,0x00000000e5400000,0x00000000e6980000)
 ParOldGen       total 80384K, used 67122K [0x00000000a0000000, 0x00000000a4e80000, 0x00000000e0000000)
  object space 80384K, 83% used [0x00000000a0000000,0x00000000a418cb70,0x00000000a4e80000)
 Metaspace       used 69868K, capacity 73111K, committed 73432K, reserved 1112064K
  class space    used 9706K, capacity 10345K, committed 10456K, reserved 1048576K
}
Event: 53.298 GC heap before
{Heap before GC invocations=43 (full 3):
 PSYoungGen      total 77312K, used 64748K [0x00000000e0000000, 0x00000000e6980000, 0x0000000100000000)
  eden space 54272K, 100% used [0x00000000e0000000,0x00000000e3500000,0x00000000e3500000)
  from space 23040K, 45% used [0x00000000e3500000,0x00000000e3f3b100,0x00000000e4b80000)
  to   space 22016K, 0% used [0x00000000e5400000,0x00000000e5400000,0x00000000e6980000)
 ParOldGen       total 80384K, used 67122K [0x00000000a0000000, 0x00000000a4e80000, 0x00000000e0000000)
  object space 80384K, 83% used [0x00000000a0000000,0x00000000a418cb70,0x00000000a4e80000)
 Metaspace       used 71143K, capacity 74449K, committed 74840K, reserved 1114112K
  class space    used 9819K, capacity 10478K, committed 10584K, reserved 1048576K
Event: 53.307 GC heap after
Heap after GC invocations=43 (full 3):
 PSYoungGen      total 82944K, used 3800K [0x00000000e0000000, 0x00000000e6780000, 0x0000000100000000)
  eden space 62976K, 0% used [0x00000000e0000000,0x00000000e0000000,0x00000000e3d80000)
  from space 19968K, 19% used [0x00000000e5400000,0x00000000e57b60c0,0x00000000e6780000)
  to   space 21504K, 0% used [0x00000000e3d80000,0x00000000e3d80000,0x00000000e5280000)
 ParOldGen       total 80384K, used 71271K [0x00000000a0000000, 0x00000000a4e80000, 0x00000000e0000000)
  object space 80384K, 88% used [0x00000000a0000000,0x00000000a4599da8,0x00000000a4e80000)
 Metaspace       used 71143K, capacity 74449K, committed 74840K, reserved 1114112K
  class space    used 9819K, capacity 10478K, committed 10584K, reserved 1048576K
}
Event: 53.307 GC heap before
{Heap before GC invocations=44 (full 4):
 PSYoungGen      total 82944K, used 3800K [0x00000000e0000000, 0x00000000e6780000, 0x0000000100000000)
  eden space 62976K, 0% used [0x00000000e0000000,0x00000000e0000000,0x00000000e3d80000)
  from space 19968K, 19% used [0x00000000e5400000,0x00000000e57b60c0,0x00000000e6780000)
  to   space 21504K, 0% used [0x00000000e3d80000,0x00000000e3d80000,0x00000000e5280000)
 ParOldGen       total 80384K, used 71271K [0x00000000a0000000, 0x00000000a4e80000, 0x00000000e0000000)
  object space 80384K, 88% used [0x00000000a0000000,0x00000000a4599da8,0x00000000a4e80000)
 Metaspace       used 71143K, capacity 74449K, committed 74840K, reserved 1114112K
  class space    used 9819K, capacity 10478K, committed 10584K, reserved 1048576K
Event: 53.404 GC heap after
Heap after GC invocations=44 (full 4):
 PSYoungGen      total 82944K, used 0K [0x00000000e0000000, 0x00000000e6780000, 0x0000000100000000)
  eden space 62976K, 0% used [0x00000000e0000000,0x00000000e0000000,0x00000000e3d80000)
  from space 19968K, 0% used [0x00000000e5400000,0x00000000e5400000,0x00000000e6780000)
  to   space 21504K, 0% used [0x00000000e3d80000,0x00000000e3d80000,0x00000000e5280000)
 ParOldGen       total 111104K, used 44186K [0x00000000a0000000, 0x00000000a6c80000, 0x00000000e0000000)
  object space 111104K, 39% used [0x00000000a0000000,0x00000000a2b268a8,0x00000000a6c80000)
 Metaspace       used 70838K, capacity 73582K, committed 74840K, reserved 1114112K
  class space    used 9718K, capacity 10298K, committed 10584K, reserved 1048576K
}
Event: 55.967 GC heap before
{Heap before GC invocations=45 (full 4):
 PSYoungGen      total 82944K, used 62976K [0x00000000e0000000, 0x00000000e6780000, 0x0000000100000000)
  eden space 62976K, 100% used [0x00000000e0000000,0x00000000e3d80000,0x00000000e3d80000)
  from space 19968K, 0% used [0x00000000e5400000,0x00000000e5400000,0x00000000e6780000)
  to   space 21504K, 0% used [0x00000000e3d80000,0x00000000e3d80000,0x00000000e5280000)
 ParOldGen       total 111104K, used 44186K [0x00000000a0000000, 0x00000000a6c80000, 0x00000000e0000000)
  object space 111104K, 39% used [0x00000000a0000000,0x00000000a2b268a8,0x00000000a6c80000)
 Metaspace       used 76543K, capacity 79442K, committed 80344K, reserved 1118208K
  class space    used 10464K, capacity 11046K, committed 11224K, reserved 1048576K
Event: 55.977 GC heap after
Heap after GC invocations=45 (full 4):
 PSYoungGen      total 84480K, used 7710K [0x00000000e0000000, 0x00000000e6e00000, 0x0000000100000000)
  eden space 62976K, 0% used [0x00000000e0000000,0x00000000e0000000,0x00000000e3d80000)
  from space 21504K, 35% used [0x00000000e3d80000,0x00000000e4507aa8,0x00000000e5280000)
  to   space 20480K, 0% used [0x00000000e5a00000,0x00000000e5a00000,0x00000000e6e00000)
 ParOldGen       total 111104K, used 44194K [0x00000000a0000000, 0x00000000a6c80000, 0x00000000e0000000)
  object space 111104K, 39% used [0x00000000a0000000,0x00000000a2b288a8,0x00000000a6c80000)
 Metaspace       used 76543K, capacity 79442K, committed 80344K, reserved 1118208K
  class space    used 10464K, capacity 11046K, committed 11224K, reserved 1048576K
}
Event: 56.679 GC heap before
{Heap before GC invocations=46 (full 4):
 PSYoungGen      total 84480K, used 70686K [0x00000000e0000000, 0x00000000e6e00000, 0x0000000100000000)
  eden space 62976K, 100% used [0x00000000e0000000,0x00000000e3d80000,0x00000000e3d80000)
  from space 21504K, 35% used [0x00000000e3d80000,0x00000000e4507aa8,0x00000000e5280000)
  to   space 20480K, 0% used [0x00000000e5a00000,0x00000000e5a00000,0x00000000e6e00000)
 ParOldGen       total 111104K, used 44194K [0x00000000a0000000, 0x00000000a6c80000, 0x00000000e0000000)
  object space 111104K, 39% used [0x00000000a0000000,0x00000000a2b288a8,0x00000000a6c80000)
 Metaspace       used 79257K, capacity 82746K, committed 83032K, reserved 1120256K
  class space    used 10873K, capacity 11574K, committed 11608K, reserved 1048576K
Event: 56.697 GC heap after
Heap after GC invocations=46 (full 4):
 PSYoungGen      total 90624K, used 15583K [0x00000000e0000000, 0x00000000e7100000, 0x0000000100000000)
  eden space 70144K, 0% used [0x00000000e0000000,0x00000000e0000000,0x00000000e4480000)
  from space 20480K, 76% used [0x00000000e5a00000,0x00000000e6937eb0,0x00000000e6e00000)
  to   space 22016K, 0% used [0x00000000e4480000,0x00000000e4480000,0x00000000e5a00000)
 ParOldGen       total 111104K, used 46758K [0x00000000a0000000, 0x00000000a6c80000, 0x00000000e0000000)
  object space 111104K, 42% used [0x00000000a0000000,0x00000000a2da9bb0,0x00000000a6c80000)
 Metaspace       used 79257K, capacity 82746K, committed 83032K, reserved 1120256K
  class space    used 10873K, capacity 11574K, committed 11608K, reserved 1048576K
}

